#
# There is insufficient memory for the Java Runtime Environment to continue.
# Native memory allocation (malloc) failed to allocate 2319424 bytes for Chunk::new
# Possible reasons:
#   The system is out of physical RAM or swap space
#   The process is running with CompressedOops enabled, and the Java Heap may be blocking the growth of the native heap
# Possible solutions:
#   Reduce memory load on the system
#   Increase physical memory or swap space
#   Check if swap backing store is full
#   Decrease Java heap size (-Xmx/-Xms)
#   Decrease number of Java threads
#   Decrease Java thread stack sizes (-Xss)
#   Set larger code cache with -XX:ReservedCodeCacheSize=
#   JVM is running with Unscaled Compressed Oops mode in which the Java heap is
#     placed in the first 4GB address space. The Java Heap base address is the
#     maximum limit for the native heap growth. Please use -XX:HeapBaseMinAddress
#     to set the Java Heap base and to place the Java Heap above 4GB virtual address.
# This output file may be truncated or incomplete.
#
#  Out of Memory Error (t:/workspace/open/src/hotspot/share/memory/arena.cpp:196), pid=9012, tid=6256
#
# JRE version: Java(TM) SE Runtime Environment (13.0.2+8) (build 13.0.2+8)
# Java VM: Java HotSpot(TM) 64-Bit Server VM (13.0.2+8, mixed mode, sharing, tiered, compressed oops, g1 gc, windows-amd64)
# No core dump will be written. Minidumps are not enabled by default on client versions of Windows
#

---------------  S U M M A R Y ------------

Command Line: -XX:MaxMetaspaceSize=256m -XX:+HeapDumpOnOutOfMemoryError -agentlib:jdwp=transport=dt_socket,server=n,suspend=y,address=127.0.0.1:64210 --add-opens=java.base/java.util=ALL-UNNAMED --add-opens=java.base/java.lang=ALL-UNNAMED --add-opens=java.base/java.lang.invoke=ALL-UNNAMED --add-opens=java.base/java.util=ALL-UNNAMED --add-opens=java.prefs/java.util.prefs=ALL-UNNAMED --add-opens=java.prefs/java.util.prefs=ALL-UNNAMED --add-opens=java.base/java.nio.charset=ALL-UNNAMED --add-opens=java.base/java.net=ALL-UNNAMED --add-opens=java.base/java.util.concurrent.atomic=ALL-UNNAMED -Xms256m -Xmx512m -Dfile.encoding=windows-1256 -Duser.country=US -Duser.language=en -Duser.variant org.gradle.launcher.daemon.bootstrap.GradleDaemon 7.1

Host: Intel(R) Core(TM) i7-4500U CPU @ 1.80GHz, 4 cores, 7G,  Windows 10 , 64 bit Build 19041 (10.0.19041.1023)
Time: Wed Jul 14 16:53:34 2021 Jordan Daylight Time elapsed time: 18 seconds (0d 0h 0m 18s)

---------------  T H R E A D  ---------------

Current thread (0x000001db58972000):  JavaThread "C2 CompilerThread0" daemon [_thread_in_native, id=6256, stack(0x0000005586d00000,0x0000005586e00000)]


Current CompileTask:
C2:  18436 5835       4       sun.reflect.generics.parser.SignatureParser::parsePackageNameAndSimpleClassTypeSignature (119 bytes)

Stack: [0x0000005586d00000,0x0000005586e00000]
Native frames: (J=compiled Java code, j=interpreted, Vv=VM code, C=native code)
V  [jvm.dll+0x624f9a]
V  [jvm.dll+0x770cfa]
V  [jvm.dll+0x7724af]
V  [jvm.dll+0x772ab3]
V  [jvm.dll+0x24bf08]
V  [jvm.dll+0xc1e47]
V  [jvm.dll+0xc23cc]
V  [jvm.dll+0x35c0c5]
V  [jvm.dll+0x19f2f0]
V  [jvm.dll+0x205d36]
V  [jvm.dll+0x204e3f]
V  [jvm.dll+0x189c2c]
V  [jvm.dll+0x213e6d]
V  [jvm.dll+0x2120bb]
V  [jvm.dll+0x736bb6]
V  [jvm.dll+0x72fcaa]
V  [jvm.dll+0x623ea6]
C  [ucrtbase.dll+0x21bb2]
C  [KERNEL32.DLL+0x17034]
C  [ntdll.dll+0x52651]


---------------  P R O C E S S  ---------------

Threads class SMR info:
_java_thread_list=0x000001db5ef25e20, length=63, elements={
0x000001db3bd3e000, 0x000001db5894a800, 0x000001db5894c800, 0x000001db5896f000,
0x000001db58970000, 0x000001db58972000, 0x000001db5897c000, 0x000001db59310800,
0x000001db593e6800, 0x000001db59410800, 0x000001db593f5800, 0x000001db593f7000,
0x000001db5941f000, 0x000001db5b0c7800, 0x000001db5b4f9800, 0x000001db5b05f800,
0x000001db5affb800, 0x000001db5b25e800, 0x000001db5b10e800, 0x000001db59df8800,
0x000001db5b773000, 0x000001db5a812800, 0x000001db5b1b0000, 0x000001db5b894800,
0x000001db5b891800, 0x000001db5b895800, 0x000001db5b896800, 0x000001db5b890800,
0x000001db5b893000, 0x000001db5b897000, 0x000001db5b892000, 0x000001db5b894000,
0x000001db6180d000, 0x000001db6180b000, 0x000001db6180d800, 0x000001db61810000,
0x000001db6180c000, 0x000001db61817800, 0x000001db61816000, 0x000001db61818000,
0x000001db61813800, 0x000001db61816800, 0x000001db61812800, 0x000001db61819000,
0x000001db61814000, 0x000001db61815000, 0x000001db5b1b6800, 0x000001db5b1b2800,
0x000001db5b1b1000, 0x000001db5b1b3000, 0x000001db5b1b5000, 0x000001db5b1b1800,
0x000001db5b1b4000, 0x000001db5b1b8000, 0x000001db5b1b9000, 0x000001db5b1ba000,
0x000001db5b1b5800, 0x000001db5be1a800, 0x000001db5b1ba800, 0x000001db5b1bb800,
0x000001db5b1bc000, 0x000001db5b1b7800, 0x000001db5b1bf800
}

Java Threads: ( => current thread )
  0x000001db3bd3e000 JavaThread "main" [_thread_blocked, id=3312, stack(0x0000005586200000,0x0000005586300000)]
  0x000001db5894a800 JavaThread "Reference Handler" daemon [_thread_blocked, id=12424, stack(0x0000005586900000,0x0000005586a00000)]
  0x000001db5894c800 JavaThread "Finalizer" daemon [_thread_blocked, id=3976, stack(0x0000005586a00000,0x0000005586b00000)]
  0x000001db5896f000 JavaThread "Signal Dispatcher" daemon [_thread_blocked, id=16628, stack(0x0000005586b00000,0x0000005586c00000)]
  0x000001db58970000 JavaThread "Attach Listener" daemon [_thread_blocked, id=17212, stack(0x0000005586c00000,0x0000005586d00000)]
=>0x000001db58972000 JavaThread "C2 CompilerThread0" daemon [_thread_in_native, id=6256, stack(0x0000005586d00000,0x0000005586e00000)]
  0x000001db5897c000 JavaThread "C1 CompilerThread0" daemon [_thread_blocked, id=14324, stack(0x0000005586e00000,0x0000005586f00000)]
  0x000001db59310800 JavaThread "Sweeper thread" daemon [_thread_blocked, id=11944, stack(0x0000005586f00000,0x0000005587000000)]
  0x000001db593e6800 JavaThread "Common-Cleaner" daemon [_thread_blocked, id=13248, stack(0x0000005587000000,0x0000005587100000)]
  0x000001db59410800 JavaThread "JDWP Transport Listener: dt_socket" daemon [_thread_blocked, id=6152, stack(0x0000005587100000,0x0000005587200000)]
  0x000001db593f5800 JavaThread "JDWP Event Helper Thread" daemon [_thread_blocked, id=5392, stack(0x0000005587200000,0x0000005587300000)]
  0x000001db593f7000 JavaThread "JDWP Command Reader" daemon [_thread_in_native, id=14880, stack(0x0000005587300000,0x0000005587400000)]
  0x000001db5941f000 JavaThread "Service Thread" daemon [_thread_blocked, id=6172, stack(0x0000005587400000,0x0000005587500000)]
  0x000001db5b0c7800 JavaThread "Daemon health stats" [_thread_blocked, id=13760, stack(0x0000005587a00000,0x0000005587b00000)]
  0x000001db5b4f9800 JavaThread "Incoming local TCP Connector on port 64215" [_thread_in_native, id=13444, stack(0x0000005587600000,0x0000005587700000)]
  0x000001db5b05f800 JavaThread "Daemon periodic checks" [_thread_blocked, id=9544, stack(0x0000005587b00000,0x0000005587c00000)]
  0x000001db5affb800 JavaThread "Daemon" [_thread_blocked, id=12916, stack(0x0000005587c00000,0x0000005587d00000)]
  0x000001db5b25e800 JavaThread "Handler for socket connection from /127.0.0.1:64215 to /127.0.0.1:64216" [_thread_in_native, id=10560, stack(0x0000005587d00000,0x0000005587e00000)]
  0x000001db5b10e800 JavaThread "Cancel handler" [_thread_blocked, id=7620, stack(0x0000005587e00000,0x0000005587f00000)]
  0x000001db59df8800 JavaThread "Daemon worker" [_thread_blocked, id=12952, stack(0x0000005587f00000,0x0000005588000000)]
  0x000001db5b773000 JavaThread "Asynchronous log dispatcher for DefaultDaemonConnection: socket connection from /127.0.0.1:64215 to /127.0.0.1:64216" [_thread_blocked, id=17336, stack(0x0000005588100000,0x0000005588200000)]
  0x000001db5a812800 JavaThread "Stdin handler" [_thread_blocked, id=11008, stack(0x0000005588200000,0x0000005588300000)]
  0x000001db5b1b0000 JavaThread "Daemon client event forwarder" [_thread_blocked, id=5584, stack(0x0000005588300000,0x0000005588400000)]
  0x000001db5b894800 JavaThread "Cache worker for journal cache (C:\Users\peter\.gradle\caches\journal-1)" [_thread_blocked, id=15764, stack(0x0000005588000000,0x0000005588100000)]
  0x000001db5b891800 JavaThread "File lock request listener" [_thread_in_native, id=12284, stack(0x0000005588400000,0x0000005588500000)]
  0x000001db5b895800 JavaThread "Cache worker for file hash cache (C:\Users\peter\.gradle\caches\7.1\fileHashes)" [_thread_blocked, id=15544, stack(0x0000005588500000,0x0000005588600000)]
  0x000001db5b896800 JavaThread "Cache worker for file hash cache (C:\Users\peter\data-structures-and-algorithms-401\Stack-Queue\.gradle\7.1\fileHashes)" [_thread_blocked, id=3016, stack(0x0000005588700000,0x0000005588800000)]
  0x000001db5b890800 JavaThread "File watcher server" daemon [_thread_in_native, id=9984, stack(0x0000005588800000,0x0000005588900000)]
  0x000001db5b893000 JavaThread "File watcher consumer" daemon [_thread_blocked, id=16424, stack(0x0000005588900000,0x0000005588a00000)]
  0x000001db5b897000 JavaThread "Cache worker for checksums cache (C:\Users\peter\data-structures-and-algorithms-401\Stack-Queue\.gradle\checksums)" [_thread_blocked, id=12980, stack(0x0000005588600000,0x0000005588700000)]
  0x000001db5b892000 JavaThread "Cache worker for cache directory md-supplier (C:\Users\peter\.gradle\caches\7.1\md-supplier)" [_thread_blocked, id=2776, stack(0x0000005588a00000,0x0000005588b00000)]
  0x000001db5b894000 JavaThread "Cache worker for cache directory md-rule (C:\Users\peter\.gradle\caches\7.1\md-rule)" [_thread_blocked, id=15440, stack(0x0000005588c00000,0x0000005588d00000)]
  0x000001db6180d000 JavaThread "Cache worker for execution history cache (C:\Users\peter\.gradle\caches\7.1\executionHistory)" [_thread_blocked, id=9608, stack(0x0000005588d00000,0x0000005588e00000)]
  0x000001db6180b000 JavaThread "jar transforms" [_thread_blocked, id=8200, stack(0x0000005588e00000,0x0000005588f00000)]
  0x000001db6180d800 JavaThread "jar transforms Thread 2" [_thread_blocked, id=15728, stack(0x0000005588f00000,0x0000005589000000)]
  0x000001db61810000 JavaThread "Cache worker for file content cache (C:\Users\peter\.gradle\caches\7.1\fileContent)" [_thread_blocked, id=14864, stack(0x0000005589000000,0x0000005589100000)]
  0x000001db6180c000 JavaThread "jar transforms Thread 3" [_thread_blocked, id=15308, stack(0x0000005589100000,0x0000005589200000)]
  0x000001db61817800 JavaThread "jar transforms Thread 4" [_thread_blocked, id=17032, stack(0x0000005589200000,0x0000005589300000)]
  0x000001db61816000 JavaThread "Cache worker for dependencies-accessors (C:\Users\peter\data-structures-and-algorithms-401\Stack-Queue\.gradle\7.1\dependencies-accessors)" [_thread_blocked, id=16852, stack(0x0000005589300000,0x0000005589400000)]
  0x000001db61818000 JavaThread "Cache worker for Build Output Cleanup Cache (C:\Users\peter\data-structures-and-algorithms-401\Stack-Queue\.gradle\buildOutputCleanup)" [_thread_blocked, id=11768, stack(0x0000005589400000,0x0000005589500000)]
  0x000001db61813800 JavaThread "Memory manager" [_thread_blocked, id=6376, stack(0x0000005589500000,0x0000005589600000)]
  0x000001db61816800 JavaThread "Execution worker for ':'" [_thread_blocked, id=8052, stack(0x0000005589600000,0x0000005589700000)]
  0x000001db61812800 JavaThread "Execution worker for ':' Thread 2" [_thread_blocked, id=15952, stack(0x0000005589700000,0x0000005589800000)]
  0x000001db61819000 JavaThread "Execution worker for ':' Thread 3" [_thread_blocked, id=7196, stack(0x0000005589800000,0x0000005589900000)]
  0x000001db61814000 JavaThread "Cache worker for execution history cache (C:\Users\peter\data-structures-and-algorithms-401\Stack-Queue\.gradle\7.1\executionHistory)" [_thread_blocked, id=5564, stack(0x0000005589900000,0x0000005589a00000)]
  0x000001db61815000 JavaThread "Unconstrained build operations" [_thread_blocked, id=4556, stack(0x0000005589a00000,0x0000005589b00000)]
  0x000001db5b1b6800 JavaThread "Unconstrained build operations Thread 2" [_thread_blocked, id=1756, stack(0x0000005589b00000,0x0000005589c00000)]
  0x000001db5b1b2800 JavaThread "Unconstrained build operations Thread 3" [_thread_blocked, id=11456, stack(0x0000005589c00000,0x0000005589d00000)]
  0x000001db5b1b1000 JavaThread "Unconstrained build operations Thread 4" [_thread_blocked, id=9096, stack(0x0000005589d00000,0x0000005589e00000)]
  0x000001db5b1b3000 JavaThread "Unconstrained build operations Thread 5" [_thread_blocked, id=13320, stack(0x0000005589e00000,0x0000005589f00000)]
  0x000001db5b1b5000 JavaThread "Unconstrained build operations Thread 6" [_thread_blocked, id=5316, stack(0x0000005588b00000,0x0000005588c00000)]
  0x000001db5b1b1800 JavaThread "Unconstrained build operations Thread 7" [_thread_blocked, id=10376, stack(0x0000005589f00000,0x000000558a000000)]
  0x000001db5b1b4000 JavaThread "Cache worker for Java compile cache (C:\Users\peter\.gradle\caches\7.1\javaCompile)" [_thread_blocked, id=6748, stack(0x000000558a000000,0x000000558a100000)]
  0x000001db5b1b8000 JavaThread "Build operations" [_thread_blocked, id=15548, stack(0x000000558a100000,0x000000558a200000)]
  0x000001db5b1b9000 JavaThread "Build operations Thread 2" [_thread_blocked, id=2516, stack(0x000000558a200000,0x000000558a300000)]
  0x000001db5b1ba000 JavaThread "Build operations Thread 3" [_thread_blocked, id=228, stack(0x000000558a300000,0x000000558a400000)]
  0x000001db5b1b5800 JavaThread "Build operations Thread 4" [_thread_blocked, id=9016, stack(0x000000558a400000,0x000000558a500000)]
  0x000001db5be1a800 JavaThread "C2 CompilerThread1" daemon [_thread_blocked, id=12240, stack(0x000000558a500000,0x000000558a600000)]
  0x000001db5b1ba800 JavaThread "Exec process" [_thread_in_native, id=7152, stack(0x000000558a600000,0x000000558a700000)]
  0x000001db5b1bb800 JavaThread "DisconnectableInputStream source reader" daemon [_thread_blocked, id=15468, stack(0x000000558a700000,0x000000558a800000)]
  0x000001db5b1bc000 JavaThread "Exec process Thread 2" [_thread_blocked, id=15888, stack(0x000000558a800000,0x000000558a900000)]
  0x000001db5b1b7800 JavaThread "Exec process Thread 3" [_thread_in_native, id=9456, stack(0x000000558a900000,0x000000558aa00000)]
  0x000001db5b1bf800 JavaThread "Exec process Thread 4" [_thread_in_native, id=8792, stack(0x000000558aa00000,0x000000558ab00000)]

Other Threads:
  0x000001db58945800 VMThread "VM Thread" [stack: 0x0000005586800000,0x0000005586900000] [id=6392]
  0x000001db59429800 WatcherThread [stack: 0x0000005587500000,0x0000005587600000] [id=5100]
  0x000001db3bd64000 GCTaskThread "GC Thread#0" [stack: 0x0000005586300000,0x0000005586400000] [id=9740]
  0x000001db59c06000 GCTaskThread "GC Thread#1" [stack: 0x0000005587700000,0x0000005587800000] [id=17172]
  0x000001db5968b800 GCTaskThread "GC Thread#2" [stack: 0x0000005587800000,0x0000005587900000] [id=12792]
  0x000001db59d92800 GCTaskThread "GC Thread#3" [stack: 0x0000005587900000,0x0000005587a00000] [id=11596]
  0x000001db3bd6a800 ConcurrentGCThread "G1 Main Marker" [stack: 0x0000005586400000,0x0000005586500000] [id=8364]
  0x000001db3bd6d000 ConcurrentGCThread "G1 Conc#0" [stack: 0x0000005586500000,0x0000005586600000] [id=6124]
  0x000001db3be1d800 ConcurrentGCThread "G1 Refine#0" [stack: 0x0000005586600000,0x0000005586700000] [id=9468]
  0x000001db587f9800 ConcurrentGCThread "G1 Young RemSet Sampling" [stack: 0x0000005586700000,0x0000005586800000] [id=3180]

Threads with active compile tasks:
C2 CompilerThread0    18595 5835       4       sun.reflect.generics.parser.SignatureParser::parsePackageNameAndSimpleClassTypeSignature (119 bytes)

VM state:not at safepoint (normal execution)

VM Mutex/Monitor currently owned by a thread: None

Heap address: 0x00000000e0000000, size: 512 MB, Compressed Oops mode: 32-bit
Narrow klass base: 0x0000000800000000, Narrow klass shift: 3
Compressed class space size: 260046848 Address: 0x0000000800b40000

Heap:
 garbage-first heap   total 262144K, used 78618K [0x00000000e0000000, 0x0000000100000000)
  region size 1024K, 59 young (60416K), 18 survivors (18432K)
 Metaspace       used 55566K, capacity 57601K, committed 57856K, reserved 305152K
  class space    used 7684K, capacity 8423K, committed 8448K, reserved 253952K
Heap Regions: E=young(eden), S=young(survivor), O=old, HS=humongous(starts), HC=humongous(continues), CS=collection set, F=free, A=archive, TAMS=top-at-mark-start (previous, next)
|   0|0x00000000e0000000, 0x00000000e0100000, 0x00000000e0100000|100%| O|  |TAMS 0x00000000e0100000, 0x00000000e0000000| Untracked 
|   1|0x00000000e0100000, 0x00000000e0200000, 0x00000000e0200000|100%| O|  |TAMS 0x00000000e0200000, 0x00000000e0100000| Untracked 
|   2|0x00000000e0200000, 0x00000000e0300000, 0x00000000e0300000|100%| O|  |TAMS 0x00000000e0300000, 0x00000000e0200000| Untracked 
|   3|0x00000000e0300000, 0x00000000e0400000, 0x00000000e0400000|100%|HS|  |TAMS 0x00000000e0400000, 0x00000000e0300000| Complete 
|   4|0x00000000e0400000, 0x00000000e0500000, 0x00000000e0500000|100%|HC|  |TAMS 0x00000000e0500000, 0x00000000e0400000| Complete 
|   5|0x00000000e0500000, 0x00000000e0600000, 0x00000000e0600000|100%|HC|  |TAMS 0x00000000e0600000, 0x00000000e0500000| Complete 
|   6|0x00000000e0600000, 0x00000000e0700000, 0x00000000e0700000|100%| O|  |TAMS 0x00000000e0700000, 0x00000000e0600000| Untracked 
|   7|0x00000000e0700000, 0x00000000e0800000, 0x00000000e0800000|100%| O|  |TAMS 0x00000000e0800000, 0x00000000e0700000| Untracked 
|   8|0x00000000e0800000, 0x00000000e0900000, 0x00000000e0900000|100%| O|  |TAMS 0x00000000e0900000, 0x00000000e0800000| Untracked 
|   9|0x00000000e0900000, 0x00000000e0a00000, 0x00000000e0a00000|100%| O|  |TAMS 0x00000000e0a00000, 0x00000000e0900000| Untracked 
|  10|0x00000000e0a00000, 0x00000000e0b00000, 0x00000000e0b00000|100%| O|  |TAMS 0x00000000e0b00000, 0x00000000e0a00000| Untracked 
|  11|0x00000000e0b00000, 0x00000000e0c00000, 0x00000000e0c00000|100%| O|  |TAMS 0x00000000e0c00000, 0x00000000e0b00000| Untracked 
|  12|0x00000000e0c00000, 0x00000000e0d00000, 0x00000000e0d00000|100%| O|  |TAMS 0x00000000e0d00000, 0x00000000e0c00000| Untracked 
|  13|0x00000000e0d00000, 0x00000000e0e00000, 0x00000000e0e00000|100%| O|  |TAMS 0x00000000e0e00000, 0x00000000e0d00000| Untracked 
|  14|0x00000000e0e00000, 0x00000000e0f00000, 0x00000000e0f00000|100%| O|  |TAMS 0x00000000e0f00000, 0x00000000e0e00000| Untracked 
|  15|0x00000000e0f00000, 0x00000000e1000000, 0x00000000e1000000|100%| O|  |TAMS 0x00000000e1000000, 0x00000000e0f00000| Untracked 
|  16|0x00000000e1000000, 0x00000000e1100000, 0x00000000e1100000|100%| O|  |TAMS 0x00000000e1100000, 0x00000000e1000000| Untracked 
|  17|0x00000000e1100000, 0x00000000e1200000, 0x00000000e1200000|100%| O|  |TAMS 0x00000000e1200000, 0x00000000e1100000| Untracked 
|  18|0x00000000e1200000, 0x00000000e1300000, 0x00000000e1300000|100%| O|  |TAMS 0x00000000e1231000, 0x00000000e1200000| Untracked 
|  19|0x00000000e1300000, 0x00000000e135e800, 0x00000000e1400000| 36%| O|  |TAMS 0x00000000e1300000, 0x00000000e1300000| Untracked 
|  20|0x00000000e1400000, 0x00000000e1400000, 0x00000000e1500000|  0%| F|  |TAMS 0x00000000e1400000, 0x00000000e1400000| Untracked 
|  21|0x00000000e1500000, 0x00000000e1500000, 0x00000000e1600000|  0%| F|  |TAMS 0x00000000e1500000, 0x00000000e1500000| Untracked 
|  22|0x00000000e1600000, 0x00000000e1600000, 0x00000000e1700000|  0%| F|  |TAMS 0x00000000e1600000, 0x00000000e1600000| Untracked 
|  23|0x00000000e1700000, 0x00000000e1700000, 0x00000000e1800000|  0%| F|  |TAMS 0x00000000e1700000, 0x00000000e1700000| Untracked 
|  24|0x00000000e1800000, 0x00000000e1800000, 0x00000000e1900000|  0%| F|  |TAMS 0x00000000e1800000, 0x00000000e1800000| Untracked 
|  25|0x00000000e1900000, 0x00000000e1900000, 0x00000000e1a00000|  0%| F|  |TAMS 0x00000000e1900000, 0x00000000e1900000| Untracked 
|  26|0x00000000e1a00000, 0x00000000e1a00000, 0x00000000e1b00000|  0%| F|  |TAMS 0x00000000e1a00000, 0x00000000e1a00000| Untracked 
|  27|0x00000000e1b00000, 0x00000000e1b00000, 0x00000000e1c00000|  0%| F|  |TAMS 0x00000000e1b00000, 0x00000000e1b00000| Untracked 
|  28|0x00000000e1c00000, 0x00000000e1c00000, 0x00000000e1d00000|  0%| F|  |TAMS 0x00000000e1c00000, 0x00000000e1c00000| Untracked 
|  29|0x00000000e1d00000, 0x00000000e1d00000, 0x00000000e1e00000|  0%| F|  |TAMS 0x00000000e1d00000, 0x00000000e1d00000| Untracked 
|  30|0x00000000e1e00000, 0x00000000e1e00000, 0x00000000e1f00000|  0%| F|  |TAMS 0x00000000e1e00000, 0x00000000e1e00000| Untracked 
|  31|0x00000000e1f00000, 0x00000000e1f00000, 0x00000000e2000000|  0%| F|  |TAMS 0x00000000e1f00000, 0x00000000e1f00000| Untracked 
|  32|0x00000000e2000000, 0x00000000e2000000, 0x00000000e2100000|  0%| F|  |TAMS 0x00000000e2000000, 0x00000000e2000000| Untracked 
|  33|0x00000000e2100000, 0x00000000e2100000, 0x00000000e2200000|  0%| F|  |TAMS 0x00000000e2100000, 0x00000000e2100000| Untracked 
|  34|0x00000000e2200000, 0x00000000e2200000, 0x00000000e2300000|  0%| F|  |TAMS 0x00000000e2200000, 0x00000000e2200000| Untracked 
|  35|0x00000000e2300000, 0x00000000e2300000, 0x00000000e2400000|  0%| F|  |TAMS 0x00000000e2300000, 0x00000000e2300000| Untracked 
|  36|0x00000000e2400000, 0x00000000e2400000, 0x00000000e2500000|  0%| F|  |TAMS 0x00000000e2400000, 0x00000000e2400000| Untracked 
|  37|0x00000000e2500000, 0x00000000e2500000, 0x00000000e2600000|  0%| F|  |TAMS 0x00000000e2500000, 0x00000000e2500000| Untracked 
|  38|0x00000000e2600000, 0x00000000e2600000, 0x00000000e2700000|  0%| F|  |TAMS 0x00000000e2600000, 0x00000000e2600000| Untracked 
|  39|0x00000000e2700000, 0x00000000e2700000, 0x00000000e2800000|  0%| F|  |TAMS 0x00000000e2700000, 0x00000000e2700000| Untracked 
|  40|0x00000000e2800000, 0x00000000e2800000, 0x00000000e2900000|  0%| F|  |TAMS 0x00000000e2800000, 0x00000000e2800000| Untracked 
|  41|0x00000000e2900000, 0x00000000e2900000, 0x00000000e2a00000|  0%| F|  |TAMS 0x00000000e2900000, 0x00000000e2900000| Untracked 
|  42|0x00000000e2a00000, 0x00000000e2a00000, 0x00000000e2b00000|  0%| F|  |TAMS 0x00000000e2a00000, 0x00000000e2a00000| Untracked 
|  43|0x00000000e2b00000, 0x00000000e2b00000, 0x00000000e2c00000|  0%| F|  |TAMS 0x00000000e2b00000, 0x00000000e2b00000| Untracked 
|  44|0x00000000e2c00000, 0x00000000e2c00000, 0x00000000e2d00000|  0%| F|  |TAMS 0x00000000e2c00000, 0x00000000e2c00000| Untracked 
|  45|0x00000000e2d00000, 0x00000000e2d00000, 0x00000000e2e00000|  0%| F|  |TAMS 0x00000000e2d00000, 0x00000000e2d00000| Untracked 
|  46|0x00000000e2e00000, 0x00000000e2e00000, 0x00000000e2f00000|  0%| F|  |TAMS 0x00000000e2e00000, 0x00000000e2e00000| Untracked 
|  47|0x00000000e2f00000, 0x00000000e2f00000, 0x00000000e3000000|  0%| F|  |TAMS 0x00000000e2f00000, 0x00000000e2f00000| Untracked 
|  48|0x00000000e3000000, 0x00000000e3000000, 0x00000000e3100000|  0%| F|  |TAMS 0x00000000e3000000, 0x00000000e3000000| Untracked 
|  49|0x00000000e3100000, 0x00000000e3100000, 0x00000000e3200000|  0%| F|  |TAMS 0x00000000e3100000, 0x00000000e3100000| Untracked 
|  50|0x00000000e3200000, 0x00000000e3200000, 0x00000000e3300000|  0%| F|  |TAMS 0x00000000e3200000, 0x00000000e3200000| Untracked 
|  51|0x00000000e3300000, 0x00000000e3300000, 0x00000000e3400000|  0%| F|  |TAMS 0x00000000e3300000, 0x00000000e3300000| Untracked 
|  52|0x00000000e3400000, 0x00000000e3400000, 0x00000000e3500000|  0%| F|  |TAMS 0x00000000e3400000, 0x00000000e3400000| Untracked 
|  53|0x00000000e3500000, 0x00000000e3500000, 0x00000000e3600000|  0%| F|  |TAMS 0x00000000e3500000, 0x00000000e3500000| Untracked 
|  54|0x00000000e3600000, 0x00000000e3600000, 0x00000000e3700000|  0%| F|  |TAMS 0x00000000e3600000, 0x00000000e3600000| Untracked 
|  55|0x00000000e3700000, 0x00000000e3700000, 0x00000000e3800000|  0%| F|  |TAMS 0x00000000e3700000, 0x00000000e3700000| Untracked 
|  56|0x00000000e3800000, 0x00000000e3800000, 0x00000000e3900000|  0%| F|  |TAMS 0x00000000e3800000, 0x00000000e3800000| Untracked 
|  57|0x00000000e3900000, 0x00000000e3900000, 0x00000000e3a00000|  0%| F|  |TAMS 0x00000000e3900000, 0x00000000e3900000| Untracked 
|  58|0x00000000e3a00000, 0x00000000e3a00000, 0x00000000e3b00000|  0%| F|  |TAMS 0x00000000e3a00000, 0x00000000e3a00000| Untracked 
|  59|0x00000000e3b00000, 0x00000000e3b00000, 0x00000000e3c00000|  0%| F|  |TAMS 0x00000000e3b00000, 0x00000000e3b00000| Untracked 
|  60|0x00000000e3c00000, 0x00000000e3c00000, 0x00000000e3d00000|  0%| F|  |TAMS 0x00000000e3c00000, 0x00000000e3c00000| Untracked 
|  61|0x00000000e3d00000, 0x00000000e3d00000, 0x00000000e3e00000|  0%| F|  |TAMS 0x00000000e3d00000, 0x00000000e3d00000| Untracked 
|  62|0x00000000e3e00000, 0x00000000e3e00000, 0x00000000e3f00000|  0%| F|  |TAMS 0x00000000e3e00000, 0x00000000e3e00000| Untracked 
|  63|0x00000000e3f00000, 0x00000000e3f00000, 0x00000000e4000000|  0%| F|  |TAMS 0x00000000e3f00000, 0x00000000e3f00000| Untracked 
|  64|0x00000000e4000000, 0x00000000e4000000, 0x00000000e4100000|  0%| F|  |TAMS 0x00000000e4000000, 0x00000000e4000000| Untracked 
|  65|0x00000000e4100000, 0x00000000e4100000, 0x00000000e4200000|  0%| F|  |TAMS 0x00000000e4100000, 0x00000000e4100000| Untracked 
|  66|0x00000000e4200000, 0x00000000e4200000, 0x00000000e4300000|  0%| F|  |TAMS 0x00000000e4200000, 0x00000000e4200000| Untracked 
|  67|0x00000000e4300000, 0x00000000e4300000, 0x00000000e4400000|  0%| F|  |TAMS 0x00000000e4300000, 0x00000000e4300000| Untracked 
|  68|0x00000000e4400000, 0x00000000e4400000, 0x00000000e4500000|  0%| F|  |TAMS 0x00000000e4400000, 0x00000000e4400000| Untracked 
|  69|0x00000000e4500000, 0x00000000e4500000, 0x00000000e4600000|  0%| F|  |TAMS 0x00000000e4500000, 0x00000000e4500000| Untracked 
|  70|0x00000000e4600000, 0x00000000e4600000, 0x00000000e4700000|  0%| F|  |TAMS 0x00000000e4600000, 0x00000000e4600000| Untracked 
|  71|0x00000000e4700000, 0x00000000e4700000, 0x00000000e4800000|  0%| F|  |TAMS 0x00000000e4700000, 0x00000000e4700000| Untracked 
|  72|0x00000000e4800000, 0x00000000e4800000, 0x00000000e4900000|  0%| F|  |TAMS 0x00000000e4800000, 0x00000000e4800000| Untracked 
|  73|0x00000000e4900000, 0x00000000e4900000, 0x00000000e4a00000|  0%| F|  |TAMS 0x00000000e4900000, 0x00000000e4900000| Untracked 
|  74|0x00000000e4a00000, 0x00000000e4a00000, 0x00000000e4b00000|  0%| F|  |TAMS 0x00000000e4a00000, 0x00000000e4a00000| Untracked 
|  75|0x00000000e4b00000, 0x00000000e4b00000, 0x00000000e4c00000|  0%| F|  |TAMS 0x00000000e4b00000, 0x00000000e4b00000| Untracked 
|  76|0x00000000e4c00000, 0x00000000e4c00000, 0x00000000e4d00000|  0%| F|  |TAMS 0x00000000e4c00000, 0x00000000e4c00000| Untracked 
|  77|0x00000000e4d00000, 0x00000000e4d00000, 0x00000000e4e00000|  0%| F|  |TAMS 0x00000000e4d00000, 0x00000000e4d00000| Untracked 
|  78|0x00000000e4e00000, 0x00000000e4e00000, 0x00000000e4f00000|  0%| F|  |TAMS 0x00000000e4e00000, 0x00000000e4e00000| Untracked 
|  79|0x00000000e4f00000, 0x00000000e4f00000, 0x00000000e5000000|  0%| F|  |TAMS 0x00000000e4f00000, 0x00000000e4f00000| Untracked 
|  80|0x00000000e5000000, 0x00000000e5000000, 0x00000000e5100000|  0%| F|  |TAMS 0x00000000e5000000, 0x00000000e5000000| Untracked 
|  81|0x00000000e5100000, 0x00000000e5100000, 0x00000000e5200000|  0%| F|  |TAMS 0x00000000e5100000, 0x00000000e5100000| Untracked 
|  82|0x00000000e5200000, 0x00000000e5200000, 0x00000000e5300000|  0%| F|  |TAMS 0x00000000e5200000, 0x00000000e5200000| Untracked 
|  83|0x00000000e5300000, 0x00000000e5300000, 0x00000000e5400000|  0%| F|  |TAMS 0x00000000e5300000, 0x00000000e5300000| Untracked 
|  84|0x00000000e5400000, 0x00000000e5400000, 0x00000000e5500000|  0%| F|  |TAMS 0x00000000e5400000, 0x00000000e5400000| Untracked 
|  85|0x00000000e5500000, 0x00000000e55681b8, 0x00000000e5600000| 40%| S|CS|TAMS 0x00000000e5500000, 0x00000000e5500000| Complete 
|  86|0x00000000e5600000, 0x00000000e5700000, 0x00000000e5700000|100%| S|CS|TAMS 0x00000000e5600000, 0x00000000e5600000| Complete 
|  87|0x00000000e5700000, 0x00000000e5800000, 0x00000000e5800000|100%| S|CS|TAMS 0x00000000e5700000, 0x00000000e5700000| Complete 
|  88|0x00000000e5800000, 0x00000000e5900000, 0x00000000e5900000|100%| S|CS|TAMS 0x00000000e5800000, 0x00000000e5800000| Complete 
|  89|0x00000000e5900000, 0x00000000e5a00000, 0x00000000e5a00000|100%| S|CS|TAMS 0x00000000e5900000, 0x00000000e5900000| Complete 
|  90|0x00000000e5a00000, 0x00000000e5b00000, 0x00000000e5b00000|100%| S|CS|TAMS 0x00000000e5a00000, 0x00000000e5a00000| Complete 
|  91|0x00000000e5b00000, 0x00000000e5c00000, 0x00000000e5c00000|100%| S|CS|TAMS 0x00000000e5b00000, 0x00000000e5b00000| Complete 
|  92|0x00000000e5c00000, 0x00000000e5d00000, 0x00000000e5d00000|100%| S|CS|TAMS 0x00000000e5c00000, 0x00000000e5c00000| Complete 
|  93|0x00000000e5d00000, 0x00000000e5e00000, 0x00000000e5e00000|100%| S|CS|TAMS 0x00000000e5d00000, 0x00000000e5d00000| Complete 
|  94|0x00000000e5e00000, 0x00000000e5f00000, 0x00000000e5f00000|100%| S|CS|TAMS 0x00000000e5e00000, 0x00000000e5e00000| Complete 
|  95|0x00000000e5f00000, 0x00000000e6000000, 0x00000000e6000000|100%| S|CS|TAMS 0x00000000e5f00000, 0x00000000e5f00000| Complete 
|  96|0x00000000e6000000, 0x00000000e6100000, 0x00000000e6100000|100%| S|CS|TAMS 0x00000000e6000000, 0x00000000e6000000| Complete 
|  97|0x00000000e6100000, 0x00000000e6200000, 0x00000000e6200000|100%| S|CS|TAMS 0x00000000e6100000, 0x00000000e6100000| Complete 
|  98|0x00000000e6200000, 0x00000000e6300000, 0x00000000e6300000|100%| S|CS|TAMS 0x00000000e6200000, 0x00000000e6200000| Complete 
|  99|0x00000000e6300000, 0x00000000e6400000, 0x00000000e6400000|100%| S|CS|TAMS 0x00000000e6300000, 0x00000000e6300000| Complete 
| 100|0x00000000e6400000, 0x00000000e6500000, 0x00000000e6500000|100%| S|CS|TAMS 0x00000000e6400000, 0x00000000e6400000| Complete 
| 101|0x00000000e6500000, 0x00000000e6600000, 0x00000000e6600000|100%| S|CS|TAMS 0x00000000e6500000, 0x00000000e6500000| Complete 
| 102|0x00000000e6600000, 0x00000000e6700000, 0x00000000e6700000|100%| S|CS|TAMS 0x00000000e6600000, 0x00000000e6600000| Complete 
| 103|0x00000000e6700000, 0x00000000e6700000, 0x00000000e6800000|  0%| F|  |TAMS 0x00000000e6700000, 0x00000000e6700000| Untracked 
| 104|0x00000000e6800000, 0x00000000e6800000, 0x00000000e6900000|  0%| F|  |TAMS 0x00000000e6800000, 0x00000000e6800000| Untracked 
| 105|0x00000000e6900000, 0x00000000e6900000, 0x00000000e6a00000|  0%| F|  |TAMS 0x00000000e6900000, 0x00000000e6900000| Untracked 
| 106|0x00000000e6a00000, 0x00000000e6a00000, 0x00000000e6b00000|  0%| F|  |TAMS 0x00000000e6a00000, 0x00000000e6a00000| Untracked 
| 107|0x00000000e6b00000, 0x00000000e6b00000, 0x00000000e6c00000|  0%| F|  |TAMS 0x00000000e6b00000, 0x00000000e6b00000| Untracked 
| 108|0x00000000e6c00000, 0x00000000e6c00000, 0x00000000e6d00000|  0%| F|  |TAMS 0x00000000e6c00000, 0x00000000e6c00000| Untracked 
| 109|0x00000000e6d00000, 0x00000000e6d00000, 0x00000000e6e00000|  0%| F|  |TAMS 0x00000000e6d00000, 0x00000000e6d00000| Untracked 
| 110|0x00000000e6e00000, 0x00000000e6e00000, 0x00000000e6f00000|  0%| F|  |TAMS 0x00000000e6e00000, 0x00000000e6e00000| Untracked 
| 111|0x00000000e6f00000, 0x00000000e6f00000, 0x00000000e7000000|  0%| F|  |TAMS 0x00000000e6f00000, 0x00000000e6f00000| Untracked 
| 112|0x00000000e7000000, 0x00000000e7000000, 0x00000000e7100000|  0%| F|  |TAMS 0x00000000e7000000, 0x00000000e7000000| Untracked 
| 113|0x00000000e7100000, 0x00000000e7100000, 0x00000000e7200000|  0%| F|  |TAMS 0x00000000e7100000, 0x00000000e7100000| Untracked 
| 114|0x00000000e7200000, 0x00000000e7200000, 0x00000000e7300000|  0%| F|  |TAMS 0x00000000e7200000, 0x00000000e7200000| Untracked 
| 115|0x00000000e7300000, 0x00000000e7300000, 0x00000000e7400000|  0%| F|  |TAMS 0x00000000e7300000, 0x00000000e7300000| Untracked 
| 116|0x00000000e7400000, 0x00000000e7400000, 0x00000000e7500000|  0%| F|  |TAMS 0x00000000e7400000, 0x00000000e7400000| Untracked 
| 117|0x00000000e7500000, 0x00000000e7500000, 0x00000000e7600000|  0%| F|  |TAMS 0x00000000e7500000, 0x00000000e7500000| Untracked 
| 118|0x00000000e7600000, 0x00000000e7600000, 0x00000000e7700000|  0%| F|  |TAMS 0x00000000e7600000, 0x00000000e7600000| Untracked 
| 119|0x00000000e7700000, 0x00000000e7700000, 0x00000000e7800000|  0%| F|  |TAMS 0x00000000e7700000, 0x00000000e7700000| Untracked 
| 120|0x00000000e7800000, 0x00000000e7800000, 0x00000000e7900000|  0%| F|  |TAMS 0x00000000e7800000, 0x00000000e7800000| Untracked 
| 121|0x00000000e7900000, 0x00000000e7900000, 0x00000000e7a00000|  0%| F|  |TAMS 0x00000000e7900000, 0x00000000e7900000| Untracked 
| 122|0x00000000e7a00000, 0x00000000e7a00000, 0x00000000e7b00000|  0%| F|  |TAMS 0x00000000e7a00000, 0x00000000e7a00000| Untracked 
| 123|0x00000000e7b00000, 0x00000000e7b00000, 0x00000000e7c00000|  0%| F|  |TAMS 0x00000000e7b00000, 0x00000000e7b00000| Untracked 
| 124|0x00000000e7c00000, 0x00000000e7c00000, 0x00000000e7d00000|  0%| F|  |TAMS 0x00000000e7c00000, 0x00000000e7c00000| Untracked 
| 125|0x00000000e7d00000, 0x00000000e7d00000, 0x00000000e7e00000|  0%| F|  |TAMS 0x00000000e7d00000, 0x00000000e7d00000| Untracked 
| 126|0x00000000e7e00000, 0x00000000e7e00000, 0x00000000e7f00000|  0%| F|  |TAMS 0x00000000e7e00000, 0x00000000e7e00000| Untracked 
| 127|0x00000000e7f00000, 0x00000000e7f00000, 0x00000000e8000000|  0%| F|  |TAMS 0x00000000e7f00000, 0x00000000e7f00000| Untracked 
| 128|0x00000000e8000000, 0x00000000e8000000, 0x00000000e8100000|  0%| F|  |TAMS 0x00000000e8000000, 0x00000000e8000000| Untracked 
| 129|0x00000000e8100000, 0x00000000e8100000, 0x00000000e8200000|  0%| F|  |TAMS 0x00000000e8100000, 0x00000000e8100000| Untracked 
| 130|0x00000000e8200000, 0x00000000e8200000, 0x00000000e8300000|  0%| F|  |TAMS 0x00000000e8200000, 0x00000000e8200000| Untracked 
| 131|0x00000000e8300000, 0x00000000e8300000, 0x00000000e8400000|  0%| F|  |TAMS 0x00000000e8300000, 0x00000000e8300000| Untracked 
| 132|0x00000000e8400000, 0x00000000e8400000, 0x00000000e8500000|  0%| F|  |TAMS 0x00000000e8400000, 0x00000000e8400000| Untracked 
| 133|0x00000000e8500000, 0x00000000e8500000, 0x00000000e8600000|  0%| F|  |TAMS 0x00000000e8500000, 0x00000000e8500000| Untracked 
| 134|0x00000000e8600000, 0x00000000e8600000, 0x00000000e8700000|  0%| F|  |TAMS 0x00000000e8600000, 0x00000000e8600000| Untracked 
| 135|0x00000000e8700000, 0x00000000e8700000, 0x00000000e8800000|  0%| F|  |TAMS 0x00000000e8700000, 0x00000000e8700000| Untracked 
| 136|0x00000000e8800000, 0x00000000e8800000, 0x00000000e8900000|  0%| F|  |TAMS 0x00000000e8800000, 0x00000000e8800000| Untracked 
| 137|0x00000000e8900000, 0x00000000e8900000, 0x00000000e8a00000|  0%| F|  |TAMS 0x00000000e8900000, 0x00000000e8900000| Untracked 
| 138|0x00000000e8a00000, 0x00000000e8a00000, 0x00000000e8b00000|  0%| F|  |TAMS 0x00000000e8a00000, 0x00000000e8a00000| Untracked 
| 139|0x00000000e8b00000, 0x00000000e8b00000, 0x00000000e8c00000|  0%| F|  |TAMS 0x00000000e8b00000, 0x00000000e8b00000| Untracked 
| 140|0x00000000e8c00000, 0x00000000e8c00000, 0x00000000e8d00000|  0%| F|  |TAMS 0x00000000e8c00000, 0x00000000e8c00000| Untracked 
| 141|0x00000000e8d00000, 0x00000000e8d00000, 0x00000000e8e00000|  0%| F|  |TAMS 0x00000000e8d00000, 0x00000000e8d00000| Untracked 
| 142|0x00000000e8e00000, 0x00000000e8e00000, 0x00000000e8f00000|  0%| F|  |TAMS 0x00000000e8e00000, 0x00000000e8e00000| Untracked 
| 143|0x00000000e8f00000, 0x00000000e8f00000, 0x00000000e9000000|  0%| F|  |TAMS 0x00000000e8f00000, 0x00000000e8f00000| Untracked 
| 144|0x00000000e9000000, 0x00000000e9000000, 0x00000000e9100000|  0%| F|  |TAMS 0x00000000e9000000, 0x00000000e9000000| Untracked 
| 145|0x00000000e9100000, 0x00000000e9100000, 0x00000000e9200000|  0%| F|  |TAMS 0x00000000e9100000, 0x00000000e9100000| Untracked 
| 146|0x00000000e9200000, 0x00000000e9200000, 0x00000000e9300000|  0%| F|  |TAMS 0x00000000e9200000, 0x00000000e9200000| Untracked 
| 147|0x00000000e9300000, 0x00000000e9300000, 0x00000000e9400000|  0%| F|  |TAMS 0x00000000e9300000, 0x00000000e9300000| Untracked 
| 148|0x00000000e9400000, 0x00000000e9400000, 0x00000000e9500000|  0%| F|  |TAMS 0x00000000e9400000, 0x00000000e9400000| Untracked 
| 149|0x00000000e9500000, 0x00000000e9500000, 0x00000000e9600000|  0%| F|  |TAMS 0x00000000e9500000, 0x00000000e9500000| Untracked 
| 150|0x00000000e9600000, 0x00000000e9600000, 0x00000000e9700000|  0%| F|  |TAMS 0x00000000e9600000, 0x00000000e9600000| Untracked 
| 151|0x00000000e9700000, 0x00000000e9700000, 0x00000000e9800000|  0%| F|  |TAMS 0x00000000e9700000, 0x00000000e9700000| Untracked 
| 152|0x00000000e9800000, 0x00000000e9800000, 0x00000000e9900000|  0%| F|  |TAMS 0x00000000e9800000, 0x00000000e9800000| Untracked 
| 153|0x00000000e9900000, 0x00000000e9900000, 0x00000000e9a00000|  0%| F|  |TAMS 0x00000000e9900000, 0x00000000e9900000| Untracked 
| 154|0x00000000e9a00000, 0x00000000e9a00000, 0x00000000e9b00000|  0%| F|  |TAMS 0x00000000e9a00000, 0x00000000e9a00000| Untracked 
| 155|0x00000000e9b00000, 0x00000000e9b00000, 0x00000000e9c00000|  0%| F|  |TAMS 0x00000000e9b00000, 0x00000000e9b00000| Untracked 
| 156|0x00000000e9c00000, 0x00000000e9c00000, 0x00000000e9d00000|  0%| F|  |TAMS 0x00000000e9c00000, 0x00000000e9c00000| Untracked 
| 157|0x00000000e9d00000, 0x00000000e9d00000, 0x00000000e9e00000|  0%| F|  |TAMS 0x00000000e9d00000, 0x00000000e9d00000| Untracked 
| 158|0x00000000e9e00000, 0x00000000e9e00000, 0x00000000e9f00000|  0%| F|  |TAMS 0x00000000e9e00000, 0x00000000e9e00000| Untracked 
| 159|0x00000000e9f00000, 0x00000000e9f00000, 0x00000000ea000000|  0%| F|  |TAMS 0x00000000e9f00000, 0x00000000e9f00000| Untracked 
| 160|0x00000000ea000000, 0x00000000ea000000, 0x00000000ea100000|  0%| F|  |TAMS 0x00000000ea000000, 0x00000000ea000000| Untracked 
| 161|0x00000000ea100000, 0x00000000ea100000, 0x00000000ea200000|  0%| F|  |TAMS 0x00000000ea100000, 0x00000000ea100000| Untracked 
| 162|0x00000000ea200000, 0x00000000ea200000, 0x00000000ea300000|  0%| F|  |TAMS 0x00000000ea200000, 0x00000000ea200000| Untracked 
| 163|0x00000000ea300000, 0x00000000ea300000, 0x00000000ea400000|  0%| F|  |TAMS 0x00000000ea300000, 0x00000000ea300000| Untracked 
| 164|0x00000000ea400000, 0x00000000ea400000, 0x00000000ea500000|  0%| F|  |TAMS 0x00000000ea400000, 0x00000000ea400000| Untracked 
| 165|0x00000000ea500000, 0x00000000ea500000, 0x00000000ea600000|  0%| F|  |TAMS 0x00000000ea500000, 0x00000000ea500000| Untracked 
| 166|0x00000000ea600000, 0x00000000ea600000, 0x00000000ea700000|  0%| F|  |TAMS 0x00000000ea600000, 0x00000000ea600000| Untracked 
| 167|0x00000000ea700000, 0x00000000ea700000, 0x00000000ea800000|  0%| F|  |TAMS 0x00000000ea700000, 0x00000000ea700000| Untracked 
| 168|0x00000000ea800000, 0x00000000ea800000, 0x00000000ea900000|  0%| F|  |TAMS 0x00000000ea800000, 0x00000000ea800000| Untracked 
| 169|0x00000000ea900000, 0x00000000ea900000, 0x00000000eaa00000|  0%| F|  |TAMS 0x00000000ea900000, 0x00000000ea900000| Untracked 
| 170|0x00000000eaa00000, 0x00000000eaa00000, 0x00000000eab00000|  0%| F|  |TAMS 0x00000000eaa00000, 0x00000000eaa00000| Untracked 
| 171|0x00000000eab00000, 0x00000000eab00000, 0x00000000eac00000|  0%| F|  |TAMS 0x00000000eab00000, 0x00000000eab00000| Untracked 
| 172|0x00000000eac00000, 0x00000000eac00000, 0x00000000ead00000|  0%| F|  |TAMS 0x00000000eac00000, 0x00000000eac00000| Untracked 
| 173|0x00000000ead00000, 0x00000000ead00000, 0x00000000eae00000|  0%| F|  |TAMS 0x00000000ead00000, 0x00000000ead00000| Untracked 
| 174|0x00000000eae00000, 0x00000000eae00000, 0x00000000eaf00000|  0%| F|  |TAMS 0x00000000eae00000, 0x00000000eae00000| Untracked 
| 175|0x00000000eaf00000, 0x00000000eaf00000, 0x00000000eb000000|  0%| F|  |TAMS 0x00000000eaf00000, 0x00000000eaf00000| Untracked 
| 176|0x00000000eb000000, 0x00000000eb000000, 0x00000000eb100000|  0%| F|  |TAMS 0x00000000eb000000, 0x00000000eb000000| Untracked 
| 177|0x00000000eb100000, 0x00000000eb100000, 0x00000000eb200000|  0%| F|  |TAMS 0x00000000eb100000, 0x00000000eb100000| Untracked 
| 178|0x00000000eb200000, 0x00000000eb200000, 0x00000000eb300000|  0%| F|  |TAMS 0x00000000eb200000, 0x00000000eb200000| Untracked 
| 179|0x00000000eb300000, 0x00000000eb300000, 0x00000000eb400000|  0%| F|  |TAMS 0x00000000eb300000, 0x00000000eb300000| Untracked 
| 180|0x00000000eb400000, 0x00000000eb400000, 0x00000000eb500000|  0%| F|  |TAMS 0x00000000eb400000, 0x00000000eb400000| Untracked 
| 181|0x00000000eb500000, 0x00000000eb500000, 0x00000000eb600000|  0%| F|  |TAMS 0x00000000eb500000, 0x00000000eb500000| Untracked 
| 182|0x00000000eb600000, 0x00000000eb600000, 0x00000000eb700000|  0%| F|  |TAMS 0x00000000eb600000, 0x00000000eb600000| Untracked 
| 183|0x00000000eb700000, 0x00000000eb700000, 0x00000000eb800000|  0%| F|  |TAMS 0x00000000eb700000, 0x00000000eb700000| Untracked 
| 184|0x00000000eb800000, 0x00000000eb800000, 0x00000000eb900000|  0%| F|  |TAMS 0x00000000eb800000, 0x00000000eb800000| Untracked 
| 185|0x00000000eb900000, 0x00000000eb900000, 0x00000000eba00000|  0%| F|  |TAMS 0x00000000eb900000, 0x00000000eb900000| Untracked 
| 186|0x00000000eba00000, 0x00000000eba00000, 0x00000000ebb00000|  0%| F|  |TAMS 0x00000000eba00000, 0x00000000eba00000| Untracked 
| 187|0x00000000ebb00000, 0x00000000ebb00000, 0x00000000ebc00000|  0%| F|  |TAMS 0x00000000ebb00000, 0x00000000ebb00000| Untracked 
| 188|0x00000000ebc00000, 0x00000000ebc00000, 0x00000000ebd00000|  0%| F|  |TAMS 0x00000000ebc00000, 0x00000000ebc00000| Untracked 
| 189|0x00000000ebd00000, 0x00000000ebd00000, 0x00000000ebe00000|  0%| F|  |TAMS 0x00000000ebd00000, 0x00000000ebd00000| Untracked 
| 190|0x00000000ebe00000, 0x00000000ebe00000, 0x00000000ebf00000|  0%| F|  |TAMS 0x00000000ebe00000, 0x00000000ebe00000| Untracked 
| 191|0x00000000ebf00000, 0x00000000ebf00000, 0x00000000ec000000|  0%| F|  |TAMS 0x00000000ebf00000, 0x00000000ebf00000| Untracked 
| 192|0x00000000ec000000, 0x00000000ec000000, 0x00000000ec100000|  0%| F|  |TAMS 0x00000000ec000000, 0x00000000ec000000| Untracked 
| 193|0x00000000ec100000, 0x00000000ec100000, 0x00000000ec200000|  0%| F|  |TAMS 0x00000000ec100000, 0x00000000ec100000| Untracked 
| 194|0x00000000ec200000, 0x00000000ec200000, 0x00000000ec300000|  0%| F|  |TAMS 0x00000000ec200000, 0x00000000ec200000| Untracked 
| 195|0x00000000ec300000, 0x00000000ec300000, 0x00000000ec400000|  0%| F|  |TAMS 0x00000000ec300000, 0x00000000ec300000| Untracked 
| 196|0x00000000ec400000, 0x00000000ec400000, 0x00000000ec500000|  0%| F|  |TAMS 0x00000000ec400000, 0x00000000ec400000| Untracked 
| 197|0x00000000ec500000, 0x00000000ec500000, 0x00000000ec600000|  0%| F|  |TAMS 0x00000000ec500000, 0x00000000ec500000| Untracked 
| 198|0x00000000ec600000, 0x00000000ec600000, 0x00000000ec700000|  0%| F|  |TAMS 0x00000000ec600000, 0x00000000ec600000| Untracked 
| 199|0x00000000ec700000, 0x00000000ec700000, 0x00000000ec800000|  0%| F|  |TAMS 0x00000000ec700000, 0x00000000ec700000| Untracked 
| 200|0x00000000ec800000, 0x00000000ec800000, 0x00000000ec900000|  0%| F|  |TAMS 0x00000000ec800000, 0x00000000ec800000| Untracked 
| 201|0x00000000ec900000, 0x00000000ec900000, 0x00000000eca00000|  0%| F|  |TAMS 0x00000000ec900000, 0x00000000ec900000| Untracked 
| 202|0x00000000eca00000, 0x00000000eca00000, 0x00000000ecb00000|  0%| F|  |TAMS 0x00000000eca00000, 0x00000000eca00000| Untracked 
| 203|0x00000000ecb00000, 0x00000000ecb00000, 0x00000000ecc00000|  0%| F|  |TAMS 0x00000000ecb00000, 0x00000000ecb00000| Untracked 
| 204|0x00000000ecc00000, 0x00000000ecc00000, 0x00000000ecd00000|  0%| F|  |TAMS 0x00000000ecc00000, 0x00000000ecc00000| Untracked 
| 205|0x00000000ecd00000, 0x00000000ecd00000, 0x00000000ece00000|  0%| F|  |TAMS 0x00000000ecd00000, 0x00000000ecd00000| Untracked 
| 206|0x00000000ece00000, 0x00000000ece00000, 0x00000000ecf00000|  0%| F|  |TAMS 0x00000000ece00000, 0x00000000ece00000| Untracked 
| 207|0x00000000ecf00000, 0x00000000ecf00000, 0x00000000ed000000|  0%| F|  |TAMS 0x00000000ecf00000, 0x00000000ecf00000| Untracked 
| 208|0x00000000ed000000, 0x00000000ed000000, 0x00000000ed100000|  0%| F|  |TAMS 0x00000000ed000000, 0x00000000ed000000| Untracked 
| 209|0x00000000ed100000, 0x00000000ed100000, 0x00000000ed200000|  0%| F|  |TAMS 0x00000000ed100000, 0x00000000ed100000| Untracked 
| 210|0x00000000ed200000, 0x00000000ed200000, 0x00000000ed300000|  0%| F|  |TAMS 0x00000000ed200000, 0x00000000ed200000| Untracked 
| 211|0x00000000ed300000, 0x00000000ed300000, 0x00000000ed400000|  0%| F|  |TAMS 0x00000000ed300000, 0x00000000ed300000| Untracked 
| 212|0x00000000ed400000, 0x00000000ed400000, 0x00000000ed500000|  0%| F|  |TAMS 0x00000000ed400000, 0x00000000ed400000| Untracked 
| 213|0x00000000ed500000, 0x00000000ed500000, 0x00000000ed600000|  0%| F|  |TAMS 0x00000000ed500000, 0x00000000ed500000| Untracked 
| 214|0x00000000ed600000, 0x00000000ed600000, 0x00000000ed700000|  0%| F|  |TAMS 0x00000000ed600000, 0x00000000ed600000| Untracked 
| 215|0x00000000ed700000, 0x00000000ed731e48, 0x00000000ed800000| 19%| E|  |TAMS 0x00000000ed700000, 0x00000000ed700000| Complete 
| 216|0x00000000ed800000, 0x00000000ed900000, 0x00000000ed900000|100%| E|CS|TAMS 0x00000000ed800000, 0x00000000ed800000| Complete 
| 217|0x00000000ed900000, 0x00000000eda00000, 0x00000000eda00000|100%| E|CS|TAMS 0x00000000ed900000, 0x00000000ed900000| Complete 
| 218|0x00000000eda00000, 0x00000000edb00000, 0x00000000edb00000|100%| E|CS|TAMS 0x00000000eda00000, 0x00000000eda00000| Complete 
| 219|0x00000000edb00000, 0x00000000edc00000, 0x00000000edc00000|100%| E|CS|TAMS 0x00000000edb00000, 0x00000000edb00000| Complete 
| 220|0x00000000edc00000, 0x00000000edd00000, 0x00000000edd00000|100%| E|CS|TAMS 0x00000000edc00000, 0x00000000edc00000| Complete 
| 221|0x00000000edd00000, 0x00000000ede00000, 0x00000000ede00000|100%| E|CS|TAMS 0x00000000edd00000, 0x00000000edd00000| Complete 
| 222|0x00000000ede00000, 0x00000000edf00000, 0x00000000edf00000|100%| E|CS|TAMS 0x00000000ede00000, 0x00000000ede00000| Complete 
| 223|0x00000000edf00000, 0x00000000ee000000, 0x00000000ee000000|100%| E|CS|TAMS 0x00000000edf00000, 0x00000000edf00000| Complete 
| 224|0x00000000ee000000, 0x00000000ee100000, 0x00000000ee100000|100%| E|CS|TAMS 0x00000000ee000000, 0x00000000ee000000| Complete 
| 225|0x00000000ee100000, 0x00000000ee200000, 0x00000000ee200000|100%| E|CS|TAMS 0x00000000ee100000, 0x00000000ee100000| Complete 
| 226|0x00000000ee200000, 0x00000000ee300000, 0x00000000ee300000|100%| E|CS|TAMS 0x00000000ee200000, 0x00000000ee200000| Complete 
| 227|0x00000000ee300000, 0x00000000ee400000, 0x00000000ee400000|100%| E|CS|TAMS 0x00000000ee300000, 0x00000000ee300000| Complete 
| 228|0x00000000ee400000, 0x00000000ee500000, 0x00000000ee500000|100%| E|CS|TAMS 0x00000000ee400000, 0x00000000ee400000| Complete 
| 229|0x00000000ee500000, 0x00000000ee600000, 0x00000000ee600000|100%| E|CS|TAMS 0x00000000ee500000, 0x00000000ee500000| Complete 
| 230|0x00000000ee600000, 0x00000000ee700000, 0x00000000ee700000|100%| E|CS|TAMS 0x00000000ee600000, 0x00000000ee600000| Complete 
| 231|0x00000000ee700000, 0x00000000ee800000, 0x00000000ee800000|100%| E|CS|TAMS 0x00000000ee700000, 0x00000000ee700000| Complete 
| 232|0x00000000ee800000, 0x00000000ee900000, 0x00000000ee900000|100%| E|CS|TAMS 0x00000000ee800000, 0x00000000ee800000| Complete 
| 233|0x00000000ee900000, 0x00000000eea00000, 0x00000000eea00000|100%| E|CS|TAMS 0x00000000ee900000, 0x00000000ee900000| Complete 
| 234|0x00000000eea00000, 0x00000000eeb00000, 0x00000000eeb00000|100%| E|CS|TAMS 0x00000000eea00000, 0x00000000eea00000| Complete 
| 235|0x00000000eeb00000, 0x00000000eec00000, 0x00000000eec00000|100%| E|CS|TAMS 0x00000000eeb00000, 0x00000000eeb00000| Complete 
| 236|0x00000000eec00000, 0x00000000eed00000, 0x00000000eed00000|100%| E|CS|TAMS 0x00000000eec00000, 0x00000000eec00000| Complete 
| 237|0x00000000eed00000, 0x00000000eee00000, 0x00000000eee00000|100%| E|CS|TAMS 0x00000000eed00000, 0x00000000eed00000| Complete 
| 238|0x00000000eee00000, 0x00000000eef00000, 0x00000000eef00000|100%| E|CS|TAMS 0x00000000eee00000, 0x00000000eee00000| Complete 
| 239|0x00000000eef00000, 0x00000000ef000000, 0x00000000ef000000|100%| E|CS|TAMS 0x00000000eef00000, 0x00000000eef00000| Complete 
| 240|0x00000000ef000000, 0x00000000ef100000, 0x00000000ef100000|100%| E|CS|TAMS 0x00000000ef000000, 0x00000000ef000000| Complete 
| 241|0x00000000ef100000, 0x00000000ef200000, 0x00000000ef200000|100%| E|CS|TAMS 0x00000000ef100000, 0x00000000ef100000| Complete 
| 242|0x00000000ef200000, 0x00000000ef300000, 0x00000000ef300000|100%| E|CS|TAMS 0x00000000ef200000, 0x00000000ef200000| Complete 
| 243|0x00000000ef300000, 0x00000000ef400000, 0x00000000ef400000|100%| E|CS|TAMS 0x00000000ef300000, 0x00000000ef300000| Complete 
| 244|0x00000000ef400000, 0x00000000ef500000, 0x00000000ef500000|100%| E|CS|TAMS 0x00000000ef400000, 0x00000000ef400000| Complete 
| 245|0x00000000ef500000, 0x00000000ef600000, 0x00000000ef600000|100%| E|CS|TAMS 0x00000000ef500000, 0x00000000ef500000| Complete 
| 246|0x00000000ef600000, 0x00000000ef700000, 0x00000000ef700000|100%| E|CS|TAMS 0x00000000ef600000, 0x00000000ef600000| Complete 
| 247|0x00000000ef700000, 0x00000000ef800000, 0x00000000ef800000|100%| E|CS|TAMS 0x00000000ef700000, 0x00000000ef700000| Complete 
| 248|0x00000000ef800000, 0x00000000ef900000, 0x00000000ef900000|100%| E|CS|TAMS 0x00000000ef800000, 0x00000000ef800000| Complete 
| 249|0x00000000ef900000, 0x00000000efa00000, 0x00000000efa00000|100%| E|CS|TAMS 0x00000000ef900000, 0x00000000ef900000| Complete 
| 250|0x00000000efa00000, 0x00000000efb00000, 0x00000000efb00000|100%| E|CS|TAMS 0x00000000efa00000, 0x00000000efa00000| Complete 
| 251|0x00000000efb00000, 0x00000000efc00000, 0x00000000efc00000|100%| E|CS|TAMS 0x00000000efb00000, 0x00000000efb00000| Complete 
| 252|0x00000000efc00000, 0x00000000efd00000, 0x00000000efd00000|100%| E|CS|TAMS 0x00000000efc00000, 0x00000000efc00000| Complete 
| 253|0x00000000efd00000, 0x00000000efe00000, 0x00000000efe00000|100%| E|CS|TAMS 0x00000000efd00000, 0x00000000efd00000| Complete 
| 254|0x00000000efe00000, 0x00000000eff00000, 0x00000000eff00000|100%| E|CS|TAMS 0x00000000efe00000, 0x00000000efe00000| Complete 
| 255|0x00000000eff00000, 0x00000000f0000000, 0x00000000f0000000|100%| E|CS|TAMS 0x00000000eff00000, 0x00000000eff00000| Complete 

Card table byte_map: [0x000001db55180000,0x000001db55280000] _byte_map_base: 0x000001db54a80000

Marking Bits (Prev, Next): (CMBitMap*) 0x000001db3bd65c58, (CMBitMap*) 0x000001db3bd65c98
 Prev Bits: [0x000001db55380000, 0x000001db55b80000)
 Next Bits: [0x000001db55b80000, 0x000001db56380000)

Polling page: 0x000001db3be20000

Metaspace:

Usage:
  Non-class:     48.03 MB capacity,    46.76 MB ( 97%) used,     1.07 MB (  2%) free+waste,   201.50 KB ( <1%) overhead. 
      Class:      8.23 MB capacity,     7.50 MB ( 91%) used,   639.40 KB (  8%) free+waste,    99.13 KB (  1%) overhead. 
       Both:     56.25 MB capacity,    54.26 MB ( 96%) used,     1.69 MB (  3%) free+waste,   300.63 KB ( <1%) overhead. 

Virtual space:
  Non-class space:       50.00 MB reserved,      48.25 MB ( 97%) committed 
      Class space:      248.00 MB reserved,       8.25 MB (  3%) committed 
             Both:      298.00 MB reserved,      56.50 MB ( 19%) committed 

Chunk freelists:
   Non-Class:  38.00 KB
       Class:  0 bytes
        Both:  38.00 KB

MaxMetaspaceSize: 256.00 MB
CompressedClassSpaceSize: 248.00 MB

CodeHeap 'non-profiled nmethods': size=120000Kb used=3791Kb max_used=3791Kb free=116208Kb
 bounds [0x000001db4d520000, 0x000001db4d8e0000, 0x000001db54a50000]
CodeHeap 'profiled nmethods': size=120000Kb used=12957Kb max_used=12957Kb free=107042Kb
 bounds [0x000001db45ff0000, 0x000001db46ca0000, 0x000001db4d520000]
CodeHeap 'non-nmethods': size=5760Kb used=2444Kb max_used=2492Kb free=3315Kb
 bounds [0x000001db45a50000, 0x000001db45cd0000, 0x000001db45ff0000]
 total_blobs=8479 nmethods=5524 adapters=748
 compilation: enabled
              stopped_count=0, restarted_count=0
 full_count=0

Compilation events (20 events):
Event: 18.107 Thread 0x000001db5897c000 nmethod 5859 0x000001db4d8c4b90 code [0x000001db4d8c4d20, 0x000001db4d8c4e58]
Event: 18.107 Thread 0x000001db5897c000 5860       1       org.gradle.api.internal.provider.ValueSupplier$Present::get (5 bytes)
Event: 18.107 Thread 0x000001db5897c000 nmethod 5860 0x000001db4d8c4f10 code [0x000001db4d8c50a0, 0x000001db4d8c51d8]
Event: 18.112 Thread 0x000001db5897c000 5861       3       org.gradle.util.internal.DeferredUtil::unpackNestableDeferred (37 bytes)
Event: 18.113 Thread 0x000001db5897c000 nmethod 5861 0x000001db46c95790 code [0x000001db46c959e0, 0x000001db46c966b0]
Event: 18.120 Thread 0x000001db5897c000 5862       3       java.nio.Buffer::discardMark (6 bytes)
Event: 18.120 Thread 0x000001db5897c000 nmethod 5862 0x000001db46c96990 code [0x000001db46c96b20, 0x000001db46c96c98]
Event: 18.137 Thread 0x000001db5897c000 5863       3       java.lang.ProcessEnvironment$CheckedEntrySet$1::hasNext (10 bytes)
Event: 18.137 Thread 0x000001db5897c000 nmethod 5863 0x000001db46c96d10 code [0x000001db46c96ec0, 0x000001db46c97130]
Event: 18.139 Thread 0x000001db5897c000 5864       3       java.lang.ProcessEnvironment$CheckedEntrySet$1::next (5 bytes)
Event: 18.139 Thread 0x000001db5897c000 nmethod 5864 0x000001db46c97210 code [0x000001db46c973e0, 0x000001db46c97950]
Event: 18.139 Thread 0x000001db5897c000 5865       3       java.lang.ProcessEnvironment$CheckedEntry::getKey (5 bytes)
Event: 18.140 Thread 0x000001db5897c000 nmethod 5865 0x000001db46c97b10 code [0x000001db46c97ce0, 0x000001db46c980b0]
Event: 18.170 Thread 0x000001db5897c000 5868       3       org.gradle.internal.event.ListenerBroadcast::dispatch (9 bytes)
Event: 18.171 Thread 0x000001db5897c000 nmethod 5868 0x000001db46c98210 code [0x000001db46c983e0, 0x000001db46c98850]
Event: 18.308 Thread 0x000001db5be1a800 nmethod 5698 0x000001db4d8c5890 code [0x000001db4d8c6120, 0x000001db4d8ce738]
Event: 18.308 Thread 0x000001db5be1a800 5847       4       org.gradle.internal.snapshot.PathUtil::isFileSeparator (20 bytes)
Event: 18.309 Thread 0x000001db5be1a800 nmethod 5847 0x000001db4d8d3310 code [0x000001db4d8d34a0, 0x000001db4d8d34f8]
Event: 18.309 Thread 0x000001db5be1a800 5855       4       java.util.ArrayList::toArray (57 bytes)
Event: 18.315 Thread 0x000001db5be1a800 nmethod 5855 0x000001db4d8d3610 code [0x000001db4d8d37a0, 0x000001db4d8d3cb8]

GC Heap History (14 events):
Event: 1.071 GC heap before
{Heap before GC invocations=0 (full 0):
 garbage-first heap   total 262144K, used 19456K [0x00000000e0000000, 0x0000000100000000)
  region size 1024K, 14 young (14336K), 0 survivors (0K)
 Metaspace       used 1165K, capacity 4891K, committed 5120K, reserved 262144K
  class space    used 96K, capacity 480K, committed 512K, reserved 253952K
}
Event: 1.080 GC heap after
{Heap after GC invocations=1 (full 0):
 garbage-first heap   total 262144K, used 7695K [0x00000000e0000000, 0x0000000100000000)
  region size 1024K, 2 young (2048K), 2 survivors (2048K)
 Metaspace       used 1165K, capacity 4891K, committed 5120K, reserved 262144K
  class space    used 96K, capacity 480K, committed 512K, reserved 253952K
}
Event: 6.974 GC heap before
{Heap before GC invocations=1 (full 0):
 garbage-first heap   total 262144K, used 162319K [0x00000000e0000000, 0x0000000100000000)
  region size 1024K, 153 young (156672K), 2 survivors (2048K)
 Metaspace       used 16903K, capacity 17366K, committed 17536K, reserved 270336K
  class space    used 2461K, capacity 2650K, committed 2688K, reserved 253952K
}
Event: 6.992 GC heap after
{Heap after GC invocations=2 (full 0):
 garbage-first heap   total 262144K, used 18325K [0x00000000e0000000, 0x0000000100000000)
  region size 1024K, 13 young (13312K), 13 survivors (13312K)
 Metaspace       used 16903K, capacity 17366K, committed 17536K, reserved 270336K
  class space    used 2461K, capacity 2650K, committed 2688K, reserved 253952K
}
Event: 8.174 GC heap before
{Heap before GC invocations=2 (full 0):
 garbage-first heap   total 262144K, used 59285K [0x00000000e0000000, 0x0000000100000000)
  region size 1024K, 53 young (54272K), 13 survivors (13312K)
 Metaspace       used 20530K, capacity 21142K, committed 21248K, reserved 272384K
  class space    used 3047K, capacity 3296K, committed 3328K, reserved 253952K
}
Event: 8.192 GC heap after
{Heap after GC invocations=3 (full 0):
 garbage-first heap   total 262144K, used 20148K [0x00000000e0000000, 0x0000000100000000)
  region size 1024K, 2 young (2048K), 2 survivors (2048K)
 Metaspace       used 20530K, capacity 21142K, committed 21248K, reserved 272384K
  class space    used 3047K, capacity 3296K, committed 3328K, reserved 253952K
}
Event: 8.223 GC heap before
{Heap before GC invocations=3 (full 0):
 garbage-first heap   total 262144K, used 21172K [0x00000000e0000000, 0x0000000100000000)
  region size 1024K, 4 young (4096K), 2 survivors (2048K)
 Metaspace       used 20626K, capacity 21206K, committed 21248K, reserved 272384K
  class space    used 3057K, capacity 3296K, committed 3328K, reserved 253952K
}
Event: 8.228 GC heap after
{Heap after GC invocations=4 (full 0):
 garbage-first heap   total 262144K, used 20079K [0x00000000e0000000, 0x0000000100000000)
  region size 1024K, 2 young (2048K), 2 survivors (2048K)
 Metaspace       used 20626K, capacity 21206K, committed 21248K, reserved 272384K
  class space    used 3057K, capacity 3296K, committed 3328K, reserved 253952K
}
Event: 10.750 GC heap before
{Heap before GC invocations=5 (full 0):
 garbage-first heap   total 262144K, used 110191K [0x00000000e0000000, 0x0000000100000000)
  region size 1024K, 88 young (90112K), 2 survivors (2048K)
 Metaspace       used 31675K, capacity 32558K, committed 32640K, reserved 282624K
  class space    used 4328K, capacity 4665K, committed 4736K, reserved 253952K
}
Event: 10.771 GC heap after
{Heap after GC invocations=6 (full 0):
 garbage-first heap   total 262144K, used 27544K [0x00000000e0000000, 0x0000000100000000)
  region size 1024K, 9 young (9216K), 9 survivors (9216K)
 Metaspace       used 31675K, capacity 32558K, committed 32640K, reserved 282624K
  class space    used 4328K, capacity 4665K, committed 4736K, reserved 253952K
}
Event: 11.922 GC heap before
{Heap before GC invocations=6 (full 0):
 garbage-first heap   total 262144K, used 73624K [0x00000000e0000000, 0x0000000100000000)
  region size 1024K, 55 young (56320K), 9 survivors (9216K)
 Metaspace       used 34666K, capacity 35705K, committed 35840K, reserved 284672K
  class space    used 4783K, capacity 5132K, committed 5248K, reserved 253952K
}
Event: 11.952 GC heap after
{Heap after GC invocations=7 (full 0):
 garbage-first heap   total 262144K, used 29702K [0x00000000e0000000, 0x0000000100000000)
  region size 1024K, 10 young (10240K), 10 survivors (10240K)
 Metaspace       used 34666K, capacity 35705K, committed 35840K, reserved 284672K
  class space    used 4783K, capacity 5132K, committed 5248K, reserved 253952K
}
Event: 15.908 GC heap before
{Heap before GC invocations=8 (full 0):
 garbage-first heap   total 262144K, used 177158K [0x00000000e0000000, 0x0000000100000000)
  region size 1024K, 153 young (156672K), 10 survivors (10240K)
 Metaspace       used 45752K, capacity 47424K, committed 47488K, reserved 294912K
  class space    used 6412K, capacity 7023K, committed 7040K, reserved 253952K
}
Event: 15.939 GC heap after
{Heap after GC invocations=9 (full 0):
 garbage-first heap   total 262144K, used 37658K [0x00000000e0000000, 0x0000000100000000)
  region size 1024K, 18 young (18432K), 18 survivors (18432K)
 Metaspace       used 45752K, capacity 47424K, committed 47488K, reserved 294912K
  class space    used 6412K, capacity 7023K, committed 7040K, reserved 253952K
}

Deoptimization events (20 events):
Event: 18.200 Thread 0x000001db5b1bf800 Uncommon trap: trap_request=0xffffffde fr.pc=0x000001db4d6cac78 relative=0x0000000000000a78
Event: 18.200 Thread 0x000001db5b1bf800 Uncommon trap: reason=class_check action=maybe_recompile pc=0x000001db4d6cac78 method=java.io.BufferedInputStream.read1([BII)I @ 39 c2
Event: 18.200 Thread 0x000001db5b1bf800 DEOPT PACKING pc=0x000001db4d6cac78 sp=0x000000558aaff280
Event: 18.200 Thread 0x000001db5b1bf800 DEOPT UNPACKING pc=0x000001db45a9912f sp=0x000000558aaff1b8 mode 2
Event: 18.276 Thread 0x000001db61813800 DEOPT PACKING pc=0x000001db46a273cc sp=0x00000055895fcf80
Event: 18.276 Thread 0x000001db61813800 DEOPT UNPACKING pc=0x000001db45a9964e sp=0x00000055895fc518 mode 1
Event: 18.276 Thread 0x000001db61813800 DEOPT PACKING pc=0x000001db46a273cc sp=0x00000055895fd110
Event: 18.276 Thread 0x000001db61813800 DEOPT UNPACKING pc=0x000001db45a9964e sp=0x00000055895fc6a8 mode 1
Event: 18.277 Thread 0x000001db61813800 DEOPT PACKING pc=0x000001db46a273cc sp=0x00000055895fd2a0
Event: 18.277 Thread 0x000001db61813800 DEOPT UNPACKING pc=0x000001db45a9964e sp=0x00000055895fc838 mode 1
Event: 18.283 Thread 0x000001db61813800 DEOPT PACKING pc=0x000001db46a273cc sp=0x00000055895fc650
Event: 18.283 Thread 0x000001db61813800 DEOPT UNPACKING pc=0x000001db45a9964e sp=0x00000055895fbbe8 mode 1
Event: 18.283 Thread 0x000001db61813800 DEOPT PACKING pc=0x000001db46a273cc sp=0x00000055895fc7e0
Event: 18.283 Thread 0x000001db61813800 DEOPT UNPACKING pc=0x000001db45a9964e sp=0x00000055895fbd78 mode 1
Event: 18.283 Thread 0x000001db61813800 DEOPT PACKING pc=0x000001db46a273cc sp=0x00000055895fc970
Event: 18.283 Thread 0x000001db61813800 DEOPT UNPACKING pc=0x000001db45a9964e sp=0x00000055895fbf08 mode 1
Event: 18.284 Thread 0x000001db61813800 DEOPT PACKING pc=0x000001db46a273cc sp=0x00000055895fe3a0
Event: 18.284 Thread 0x000001db61813800 DEOPT UNPACKING pc=0x000001db45a9964e sp=0x00000055895fd938 mode 1
Event: 18.285 Thread 0x000001db61813800 DEOPT PACKING pc=0x000001db46a273cc sp=0x00000055895fe530
Event: 18.285 Thread 0x000001db61813800 DEOPT UNPACKING pc=0x000001db45a9964e sp=0x00000055895fdac8 mode 1

Classes unloaded (0 events):
No events

Classes redefined (0 events):
No events

Internal exceptions (20 events):
Event: 17.907 Thread 0x000001db5b1b0000 Exception <a 'java/lang/NoSuchMethodError'{0x00000000edc146d0}: static Lorg/gradle/internal/build/event/types/DefaultJavaCompileTaskSuccessResult;.<clinit>()V> (0x00000000edc146d0) 
thrown [t:/workspace/open/src/hotspot/share/prims/jni.cpp, line 1347]
Event: 17.907 Thread 0x000001db5b1b0000 Exception <a 'java/lang/NoSuchMethodError'{0x00000000edc15f10}: static Lorg/gradle/internal/build/event/types/DefaultTaskSuccessResult;.<clinit>()V> (0x00000000edc15f10) 
thrown [t:/workspace/open/src/hotspot/share/prims/jni.cpp, line 1347]
Event: 17.907 Thread 0x000001db5b1b0000 Exception <a 'java/lang/NoSuchMethodError'{0x00000000edc17150}: static Lorg/gradle/internal/build/event/types/AbstractTaskResult;.<clinit>()V> (0x00000000edc17150) 
thrown [t:/workspace/open/src/hotspot/share/prims/jni.cpp, line 1347]
Event: 17.907 Thread 0x000001db5b1b0000 Exception <a 'java/lang/NoSuchMethodError'{0x00000000edc18740}: static Lorg/gradle/internal/build/event/types/AbstractResult;.<clinit>()V> (0x00000000edc18740) 
thrown [t:/workspace/open/src/hotspot/share/prims/jni.cpp, line 1347]
Event: 17.914 Thread 0x000001db5b1b0000 Exception <a 'java/lang/NoSuchMethodError'{0x00000000edc30ff0}: static [Ljava/lang/Object;.<clinit>()V> (0x00000000edc30ff0) 
thrown [t:/workspace/open/src/hotspot/share/prims/jni.cpp, line 1347]
Event: 17.930 Thread 0x000001db5b1b0000 Exception <a 'java/lang/NoSuchMethodError'{0x00000000edc3a2b8}: static Lorg/gradle/internal/build/event/types/DefaultTaskSkippedResult;.<clinit>()V> (0x00000000edc3a2b8) 
thrown [t:/workspace/open/src/hotspot/share/prims/jni.cpp, line 1347]
Event: 17.966 Thread 0x000001db61819000 Exception <a 'java/lang/ClassNotFoundException'{0x00000000edb46d00}: org/gradle/api/internal/file/collections/DefaultConfigurableFileCollectionBeanInfo> (0x00000000edb46d00) 
thrown [t:/workspace/open/src/hotspot/share/classfile/systemDictionary.cpp, line 232]
Event: 17.970 Thread 0x000001db61819000 Exception <a 'java/lang/ClassNotFoundException'{0x00000000edb5bd78}: org/gradle/api/internal/file/CompositeFileCollectionBeanInfo> (0x00000000edb5bd78) 
thrown [t:/workspace/open/src/hotspot/share/classfile/systemDictionary.cpp, line 232]
Event: 17.973 Thread 0x000001db61819000 Exception <a 'java/lang/ClassNotFoundException'{0x00000000edb71058}: org/gradle/api/internal/file/AbstractFileCollectionBeanInfo> (0x00000000edb71058) 
thrown [t:/workspace/open/src/hotspot/share/classfile/systemDictionary.cpp, line 232]
Event: 17.974 Thread 0x000001db61819000 Exception <a 'java/lang/ClassNotFoundException'{0x00000000edb86190}: org/gradle/api/internal/file/AbstractFileCollectionCustomizer> (0x00000000edb86190) 
thrown [t:/workspace/open/src/hotspot/share/classfile/systemDictionary.cpp, line 232]
Event: 17.982 Thread 0x000001db61819000 Exception <a 'java/lang/ClassNotFoundException'{0x00000000edbad388}: org/gradle/api/internal/file/CompositeFileCollectionCustomizer> (0x00000000edbad388) 
thrown [t:/workspace/open/src/hotspot/share/classfile/systemDictionary.cpp, line 232]
Event: 17.983 Thread 0x000001db61819000 Exception <a 'java/lang/ClassNotFoundException'{0x00000000edbce8c0}: org/gradle/api/internal/file/collections/DefaultConfigurableFileCollectionCustomizer> (0x00000000edbce8c0) 
thrown [t:/workspace/open/src/hotspot/share/classfile/systemDictionary.cpp, line 232]
Event: 18.013 Thread 0x000001db61819000 Exception <a 'java/lang/NoSuchMethodError'{0x00000000eda21270}: 'void java.lang.invoke.DirectMethodHandle$Holder.invokeInterface(java.lang.Object, java.lang.Object, java.lang.Object, java.lang.Object)'> (0x00000000eda21270) 
thrown [t:/workspace/open/src/hotspot/share/interpreter/linkResolver.cpp, line 767]
Event: 18.029 Thread 0x000001db61819000 Exception <a 'java/lang/ClassNotFoundException'{0x00000000eda7e9c8}: com/intellij/openapi/externalSystem/rt/execution/ForkedDebuggerHelperBeanInfo> (0x00000000eda7e9c8) 
thrown [t:/workspace/open/src/hotspot/share/classfile/systemDictionary.cpp, line 232]
Event: 18.030 Thread 0x000001db61819000 Exception <a 'java/lang/ClassNotFoundException'{0x00000000eda87910}: com/intellij/openapi/externalSystem/rt/execution/ForkedDebuggerHelperCustomizer> (0x00000000eda87910) 
thrown [t:/workspace/open/src/hotspot/share/classfile/systemDictionary.cpp, line 232]
Event: 18.060 Thread 0x000001db61819000 Exception <a 'java/net/SocketException'{0x00000000eda9f5b0}: Socket is not connected: shutdown> (0x00000000eda9f5b0) 
thrown [t:/workspace/open/src/hotspot/share/prims/jni.cpp, line 619]
Event: 18.148 Thread 0x000001db5b1ba800 Exception <a 'java/lang/NoSuchMethodError'{0x00000000ed9d05f0}: 'void java.lang.invoke.DirectMethodHandle$Holder.invokeStatic(java.lang.Object, long)'> (0x00000000ed9d05f0) 
thrown [t:/workspace/open/src/hotspot/share/interpreter/linkResolver.cpp, line 767]
Event: 18.151 Thread 0x000001db5b1ba800 Exception <a 'java/lang/NoSuchMethodError'{0x00000000ed9d7d88}: 'java.lang.Object java.lang.invoke.DirectMethodHandle$Holder.invokeStatic(java.lang.Object, java.lang.Object, long, java.lang.Object)'> (0x00000000ed9d7d88) 
thrown [t:/workspace/open/src/hotspot/share/interpreter/linkResolver.cpp, line 767]
Event: 18.151 Thread 0x000001db5b1ba800 Exception <a 'java/lang/NoSuchMethodError'{0x00000000ed9dad20}: 'java.lang.Object java.lang.invoke.DirectMethodHandle$Holder.invokeStaticInit(java.lang.Object, java.lang.Object, long, java.lang.Object)'> (0x00000000ed9dad20) 
thrown [t:/workspace/open/src/hotspot/share/interpreter/linkResolver.cpp, line 767]
Event: 18.152 Thread 0x000001db5b1ba800 Exception <a 'java/lang/NoSuchMethodError'{0x00000000ed9e0600}: 'java.lang.Object java.lang.invoke.Invokers$Holder.linkToTargetMethod(java.lang.Object, long, java.lang.Object)'> (0x00000000ed9e0600) 
thrown [t:/workspace/open/src/hotspot/share/interpreter/linkResolver.cpp, line 767]

Events (20 events):
Event: 18.154 loading class org/gradle/util/internal/DisconnectableInputStream$ThreadExecuter
Event: 18.154 loading class org/gradle/util/internal/DisconnectableInputStream$ThreadExecuter done
Event: 18.155 loading class org/gradle/util/internal/DisconnectableInputStream$1
Event: 18.155 loading class org/gradle/util/internal/DisconnectableInputStream$1 done
Event: 18.167 Thread 0x000001db5b1bb800 Thread added: 0x000001db5b1bb800
Event: 18.167 loading class org/gradle/process/internal/streams/ExecOutputHandleRunner
Event: 18.167 loading class org/gradle/process/internal/streams/ExecOutputHandleRunner done
Event: 18.172 Thread 0x000001db5b1bc000 Thread added: 0x000001db5b1bc000
Event: 18.173 Thread 0x000001db5b1b7800 Thread added: 0x000001db5b1b7800
Event: 18.173 Thread 0x000001db5b1bf800 Thread added: 0x000001db5b1bf800
Event: 18.200 Executing VM operation: RevokeBias
Event: 18.200 Executing VM operation: RevokeBias done
Event: 18.276 loading class org/gradle/workers/internal/WorkerDaemonExpiration$SimpleMemoryExpirationSelector
Event: 18.276 loading class org/gradle/workers/internal/WorkerDaemonExpiration$SimpleMemoryExpirationSelector done
Event: 18.283 loading class org/gradle/workers/internal/WorkerDaemonClient
Event: 18.283 loading class org/gradle/workers/internal/WorkerDaemonClient done
Event: 18.284 loading class org/gradle/workers/internal/WorkerDaemonClient
Event: 18.284 loading class org/gradle/workers/internal/WorkerDaemonClient done
Event: 18.284 loading class org/gradle/process/internal/health/memory/JvmMemoryStatusSnapshot
Event: 18.284 loading class org/gradle/process/internal/health/memory/JvmMemoryStatusSnapshot done


Dynamic libraries:
0x00007ff73c3d0000 - 0x00007ff73c3df000 	C:\Program Files\Java\jdk-13.0.2\bin\java.exe
0x00007ffd45990000 - 0x00007ffd45b85000 	C:\WINDOWS\SYSTEM32\ntdll.dll
0x00007ffd44c50000 - 0x00007ffd44d0d000 	C:\WINDOWS\System32\KERNEL32.DLL
0x00007ffd430d0000 - 0x00007ffd43399000 	C:\WINDOWS\System32\KERNELBASE.dll
0x00007ffd43750000 - 0x00007ffd43850000 	C:\WINDOWS\System32\ucrtbase.dll
0x00007ffd31060000 - 0x00007ffd31078000 	C:\Program Files\Java\jdk-13.0.2\bin\jli.dll
0x00007ffd455a0000 - 0x00007ffd4564c000 	C:\WINDOWS\System32\ADVAPI32.dll
0x00007ffd34bc0000 - 0x00007ffd34bd5000 	C:\Program Files\Java\jdk-13.0.2\bin\VCRUNTIME140.dll
0x00007ffd45780000 - 0x00007ffd4581e000 	C:\WINDOWS\System32\msvcrt.dll
0x00007ffd449f0000 - 0x00007ffd44a8b000 	C:\WINDOWS\System32\sechost.dll
0x00007ffd45650000 - 0x00007ffd4577a000 	C:\WINDOWS\System32\RPCRT4.dll
0x00007ffd43a40000 - 0x00007ffd43be0000 	C:\WINDOWS\System32\USER32.dll
0x00007ffd439d0000 - 0x00007ffd439f2000 	C:\WINDOWS\System32\win32u.dll
0x00007ffd45820000 - 0x00007ffd4584a000 	C:\WINDOWS\System32\GDI32.dll
0x00007ffd43640000 - 0x00007ffd4374b000 	C:\WINDOWS\System32\gdi32full.dll
0x00007ffd43900000 - 0x00007ffd4399d000 	C:\WINDOWS\System32\msvcp_win.dll
0x00007ffd32ec0000 - 0x00007ffd3315a000 	C:\WINDOWS\WinSxS\amd64_microsoft.windows.common-controls_6595b64144ccf1df_6.0.19041.1083_none_60bbe31371f34e71\COMCTL32.dll
0x00007ffd37030000 - 0x00007ffd3703a000 	C:\WINDOWS\SYSTEM32\VERSION.dll
0x00007ffd43a10000 - 0x00007ffd43a40000 	C:\WINDOWS\System32\IMM32.DLL
0x00007ffd0bd70000 - 0x00007ffd0be0b000 	C:\Program Files\Java\jdk-13.0.2\bin\msvcp140.dll
0x00007ffce86f0000 - 0x00007ffce924d000 	C:\Program Files\Java\jdk-13.0.2\bin\server\jvm.dll
0x00007ffd43f90000 - 0x00007ffd43f98000 	C:\WINDOWS\System32\PSAPI.DLL
0x00007ffd3ef50000 - 0x00007ffd3ef59000 	C:\WINDOWS\SYSTEM32\WSOCK32.dll
0x00007ffd43fa0000 - 0x00007ffd4400b000 	C:\WINDOWS\System32\WS2_32.dll
0x00007ffd34e50000 - 0x00007ffd34e77000 	C:\WINDOWS\SYSTEM32\WINMM.dll
0x00007ffd40fc0000 - 0x00007ffd40fd2000 	C:\WINDOWS\SYSTEM32\kernel.appcore.dll
0x00007ffd3acf0000 - 0x00007ffd3ad00000 	C:\Program Files\Java\jdk-13.0.2\bin\verify.dll
0x00007ffd28cd0000 - 0x00007ffd28eb4000 	C:\WINDOWS\SYSTEM32\DBGHELP.DLL
0x00007ffd351f0000 - 0x00007ffd3521c000 	C:\WINDOWS\SYSTEM32\dbgcore.DLL
0x00007ffd433a0000 - 0x00007ffd43423000 	C:\WINDOWS\System32\bcryptPrimitives.dll
0x00007ffd24870000 - 0x00007ffd24896000 	C:\Program Files\Java\jdk-13.0.2\bin\java.dll
0x00007ffd24680000 - 0x00007ffd246b8000 	C:\Program Files\Java\jdk-13.0.2\bin\jdwp.dll
0x00007ffd259a0000 - 0x00007ffd259b7000 	C:\Program Files\Java\jdk-13.0.2\bin\zip.dll
0x00007ffd3aa20000 - 0x00007ffd3aa2a000 	C:\Program Files\Java\jdk-13.0.2\bin\jimage.dll
0x00007ffd44010000 - 0x00007ffd4474f000 	C:\WINDOWS\System32\SHELL32.dll
0x00007ffd411c0000 - 0x00007ffd41951000 	C:\WINDOWS\SYSTEM32\windows.storage.dll
0x00007ffd451e0000 - 0x00007ffd45535000 	C:\WINDOWS\System32\combase.dll
0x00007ffd42990000 - 0x00007ffd429bc000 	C:\WINDOWS\SYSTEM32\Wldp.dll
0x00007ffd44a90000 - 0x00007ffd44b3e000 	C:\WINDOWS\System32\SHCORE.dll
0x00007ffd45540000 - 0x00007ffd45595000 	C:\WINDOWS\System32\shlwapi.dll
0x00007ffd43010000 - 0x00007ffd4302f000 	C:\WINDOWS\SYSTEM32\profapi.dll
0x00007ffd34a90000 - 0x00007ffd34a9b000 	C:\Program Files\Java\jdk-13.0.2\bin\dt_socket.dll
0x00007ffd42770000 - 0x00007ffd427da000 	C:\WINDOWS\system32\mswsock.dll
0x00007ffd24850000 - 0x00007ffd24869000 	C:\Program Files\Java\jdk-13.0.2\bin\net.dll
0x00007ffd3a500000 - 0x00007ffd3a60a000 	C:\WINDOWS\SYSTEM32\WINHTTP.dll
0x00007ffd24770000 - 0x00007ffd24783000 	C:\Program Files\Java\jdk-13.0.2\bin\nio.dll
0x00007ffd34820000 - 0x00007ffd34847000 	C:\Users\peter\.gradle\native\8bec1ad78214c89d9ad589b4d07fe93259594b29d510b10fafb7a158f7737e5d\windows-amd64\native-platform.dll
0x00007ffd00e50000 - 0x00007ffd00f8d000 	C:\Users\peter\.gradle\native\53dbd7edfb1c66fb8903c78663c9afc45aea4f116125fa6feffd364cf09443e8\windows-amd64\native-platform-file-events.dll
0x00007ffd3a810000 - 0x00007ffd3a819000 	C:\Program Files\Java\jdk-13.0.2\bin\management.dll
0x00007ffd3a620000 - 0x00007ffd3a62b000 	C:\Program Files\Java\jdk-13.0.2\bin\management_ext.dll
0x00007ffd429d0000 - 0x00007ffd429e8000 	C:\WINDOWS\SYSTEM32\CRYPTSP.dll
0x00007ffd42130000 - 0x00007ffd42164000 	C:\WINDOWS\system32\rsaenh.dll
0x00007ffd439a0000 - 0x00007ffd439c7000 	C:\WINDOWS\System32\bcrypt.dll
0x00007ffd42fd0000 - 0x00007ffd42ffe000 	C:\WINDOWS\SYSTEM32\USERENV.dll
0x00007ffd428f0000 - 0x00007ffd428fc000 	C:\WINDOWS\SYSTEM32\CRYPTBASE.dll
0x00007ffd42480000 - 0x00007ffd424bb000 	C:\WINDOWS\SYSTEM32\IPHLPAPI.DLL
0x00007ffd43a00000 - 0x00007ffd43a08000 	C:\WINDOWS\System32\NSI.dll
0x00007ffd39cf0000 - 0x00007ffd39d07000 	C:\WINDOWS\SYSTEM32\dhcpcsvc6.DLL
0x00007ffd39cd0000 - 0x00007ffd39ced000 	C:\WINDOWS\SYSTEM32\dhcpcsvc.DLL
0x00007ffd424c0000 - 0x00007ffd4258c000 	C:\WINDOWS\SYSTEM32\DNSAPI.dll

dbghelp: loaded successfully - version: 4.0.5 - missing functions: none
symbol engine: initialized successfully - sym options: 0x614 - pdb path: .;C:\Program Files\Java\jdk-13.0.2\bin;C:\WINDOWS\SYSTEM32;C:\WINDOWS\WinSxS\amd64_microsoft.windows.common-controls_6595b64144ccf1df_6.0.19041.1083_none_60bbe31371f34e71;C:\Program Files\Java\jdk-13.0.2\bin\server;C:\Users\peter\.gradle\native\8bec1ad78214c89d9ad589b4d07fe93259594b29d510b10fafb7a158f7737e5d\windows-amd64;C:\Users\peter\.gradle\native\53dbd7edfb1c66fb8903c78663c9afc45aea4f116125fa6feffd364cf09443e8\windows-amd64

VM Arguments:
jvm_args: -XX:MaxMetaspaceSize=256m -XX:+HeapDumpOnOutOfMemoryError -agentlib:jdwp=transport=dt_socket,server=n,suspend=y,address=127.0.0.1:64210 --add-opens=java.base/java.util=ALL-UNNAMED --add-opens=java.base/java.lang=ALL-UNNAMED --add-opens=java.base/java.lang.invoke=ALL-UNNAMED --add-opens=java.base/java.util=ALL-UNNAMED --add-opens=java.prefs/java.util.prefs=ALL-UNNAMED --add-opens=java.prefs/java.util.prefs=ALL-UNNAMED --add-opens=java.base/java.nio.charset=ALL-UNNAMED --add-opens=java.base/java.net=ALL-UNNAMED --add-opens=java.base/java.util.concurrent.atomic=ALL-UNNAMED -Xms256m -Xmx512m -Dfile.encoding=windows-1256 -Duser.country=US -Duser.language=en -Duser.variant 
java_command: org.gradle.launcher.daemon.bootstrap.GradleDaemon 7.1
java_class_path (initial): C:\Users\peter\.gradle\wrapper\dists\gradle-7.1-bin\4pslxx9lrxt5svtz5wbnb6tkz\gradle-7.1\lib\gradle-launcher-7.1.jar
Launcher Type: SUN_STANDARD

[Global flags]
     intx CICompilerCount                          = 3                                         {product} {ergonomic}
   size_t CompressedClassSpaceSize                 = 260046848                                 {product} {ergonomic}
     uint ConcGCThreads                            = 1                                         {product} {ergonomic}
     uint G1ConcRefinementThreads                  = 4                                         {product} {ergonomic}
   size_t G1HeapRegionSize                         = 1048576                                   {product} {ergonomic}
    uintx GCDrainStackTargetSize                   = 64                                        {product} {ergonomic}
     bool HeapDumpOnOutOfMemoryError               = true                                   {manageable} {command line}
   size_t InitialHeapSize                          = 268435456                                 {product} {command line}
   size_t MarkStackSize                            = 4194304                                   {product} {ergonomic}
   size_t MaxHeapSize                              = 536870912                                 {product} {command line}
   size_t MaxMetaspaceSize                         = 268435456                                 {product} {command line}
   size_t MaxNewSize                               = 321912832                                 {product} {ergonomic}
   size_t MinHeapDeltaBytes                        = 1048576                                   {product} {ergonomic}
   size_t MinHeapSize                              = 268435456                                 {product} {command line}
    uintx NonNMethodCodeHeapSize                   = 5832780                                {pd product} {ergonomic}
    uintx NonProfiledCodeHeapSize                  = 122912730                              {pd product} {ergonomic}
    uintx ProfiledCodeHeapSize                     = 122912730                              {pd product} {ergonomic}
    uintx ReservedCodeCacheSize                    = 251658240                              {pd product} {ergonomic}
     bool SegmentedCodeCache                       = true                                      {product} {ergonomic}
   size_t SoftMaxHeapSize                          = 536870912                              {manageable} {ergonomic}
     bool UseCompressedClassPointers               = true                                 {lp64_product} {ergonomic}
     bool UseCompressedOops                        = true                                 {lp64_product} {ergonomic}
     bool UseG1GC                                  = true                                      {product} {ergonomic}
     bool UseLargePagesIndividualAllocation        = false                                  {pd product} {ergonomic}

Logging:
Log output configuration:
 #0: stdout all=warning uptime,level,tags
 #1: stderr all=off uptime,level,tags

Environment Variables:
JAVA_HOME=C:\Program Files\Java\jdk-13.0.2
PATH=C:\Program Files (x86)\Common Files\Oracle\Java\javapath;C:\ProgramData\Oracle\Java\javapath;C:\WINDOWS\system32;C:\WINDOWS;C:\WINDOWS\System32\Wbem;C:\WINDOWS\System32\WindowsPowerShell\v1.0\;C:\WINDOWS\System32\OpenSSH\;C:\Program Files\dotnet\;C:\Program Files\Microsoft SQL Server\130\Tools\Binn\;C:\Program Files\Microsoft SQL Server\Client SDK\ODBC\170\Tools\Binn\;C:\Program Files (x86)\Microsoft SQL Server\150\Tools\Binn\;C:\Program Files\Microsoft SQL Server\150\Tools\Binn\;C:\Program Files\Microsoft SQL Server\150\DTS\Binn\;C:\Program Files (x86)\Microsoft SQL Server\150\DTS\Binn\;C:\Program Files\Java\jdk-13.0.2\bin;C:\Program Files (x86)\AMD\ATI.ACE\Core-Static;C:\Program Files\PuTTY\;C:\Gradle\gradle-7.1\bin;C:\Program Files\JetBrains\IntelliJ IDEA Community Edition 2021.1.2\bin;C:\Program Files\aircrack-ng-1.6-win\bin;C:\Users\peter\AppData\Local\Programs\Microsoft VS Code\bin
USERNAME=peter
OS=Windows_NT
PROCESSOR_IDENTIFIER=Intel64 Family 6 Model 69 Stepping 1, GenuineIntel



---------------  S Y S T E M  ---------------

OS: Windows 10 , 64 bit Build 19041 (10.0.19041.1023)
HyperV virtualization detected

CPU:total 4 (initial active 4) (2 cores per cpu, 2 threads per core) family 6 model 69 stepping 1, cmov, cx8, fxsr, mmx, sse, sse2, sse3, ssse3, sse4.1, sse4.2, popcnt, avx, avx2, aes, clmul, erms, lzcnt, ht, tsc, tscinvbit, bmi1, bmi2, fma

Memory: 4k page, system-wide physical 8072M (530M free)
TotalPageFile size 14236M (AvailPageFile size 2M)
current process WorkingSet (physical memory assigned to process): 412M, peak: 419M
current process commit charge ("private bytes"): 507M, peak: 512M

vm_info: Java HotSpot(TM) 64-Bit Server VM (13.0.2+8) for windows-amd64 JRE (13.0.2+8), built on Dec 11 2019 09:20:33 by "mach5one" with unknown MS VC++:1916

END.
