#
# There is insufficient memory for the Java Runtime Environment to continue.
# Native memory allocation (mmap) failed to map 134217728 bytes for Failed to commit area from 0x0000000081c00000 to 0x0000000089c00000 of length 134217728.
# Possible reasons:
#   The system is out of physical RAM or swap space
#   The process is running with CompressedOops enabled, and the Java Heap may be blocking the growth of the native heap
# Possible solutions:
#   Reduce memory load on the system
#   Increase physical memory or swap space
#   Check if swap backing store is full
#   Decrease Java heap size (-Xmx/-Xms)
#   Decrease number of Java threads
#   Decrease Java thread stack sizes (-Xss)
#   Set larger code cache with -XX:ReservedCodeCacheSize=
# This output file may be truncated or incomplete.
#
#  Out of Memory Error (t:/workspace/open/src/hotspot/os/windows/os_windows.cpp:3301), pid=9648, tid=15572
#
# JRE version:  (13.0.2+8) (build )
# Java VM: Java HotSpot(TM) 64-Bit Server VM (13.0.2+8, mixed mode, sharing, tiered, compressed oops, g1 gc, windows-amd64)
# No core dump will be written. Minidumps are not enabled by default on client versions of Windows
#

---------------  S U M M A R Y ------------

Command Line: -agentlib:jdwp=transport=dt_socket,server=n,suspend=y,address=127.0.0.1:54971 -Dfile.encoding=windows-1256 -Duser.country=US -Duser.language=en -Duser.variant stack.Queue.DuckDuckGoose

Host: Intel(R) Core(TM) i7-4500U CPU @ 1.80GHz, 4 cores, 7G,  Windows 10 , 64 bit Build 19041 (10.0.19041.1023)
Time: Wed Jul 14 17:51:56 2021 Jordan Daylight Time elapsed time: 0 seconds (0d 0h 0m 0s)

---------------  T H R E A D  ---------------

Current thread (0x000001a09514d800):  JavaThread "Unknown thread" [_thread_in_vm, id=15572, stack(0x00000082f5000000,0x00000082f5100000)]

Stack: [0x00000082f5000000,0x00000082f5100000]
Native frames: (J=compiled Java code, j=interpreted, Vv=VM code, C=native code)
V  [jvm.dll+0x624f9a]
V  [jvm.dll+0x770cfa]
V  [jvm.dll+0x7724af]
V  [jvm.dll+0x772ab3]
V  [jvm.dll+0x24bf08]
V  [jvm.dll+0x6222aa]
V  [jvm.dll+0x6170b5]
V  [jvm.dll+0x30a88c]
V  [jvm.dll+0x30a6c2]
V  [jvm.dll+0x30fe36]
V  [jvm.dll+0x353f46]
V  [jvm.dll+0x353720]
V  [jvm.dll+0x2e550a]
V  [jvm.dll+0x2e67a2]
V  [jvm.dll+0x74dd78]
V  [jvm.dll+0x361989]
V  [jvm.dll+0x730e65]
V  [jvm.dll+0x3cc53f]
V  [jvm.dll+0x3ce861]
C  [jli.dll+0x51ff]
C  [ucrtbase.dll+0x21bb2]
C  [KERNEL32.DLL+0x17034]
C  [ntdll.dll+0x52651]


---------------  P R O C E S S  ---------------

Threads class SMR info:
_java_thread_list=0x00007ffce91accb8, length=0, elements={
}

Java Threads: ( => current thread )

Other Threads:
  0x000001a095190800 GCTaskThread "GC Thread#0" [stack: 0x00000082f5100000,0x00000082f5200000] [id=14760]
  0x000001a0951a2000 ConcurrentGCThread "G1 Main Marker" [stack: 0x00000082f5200000,0x00000082f5300000] [id=17384]
  0x000001a0951a6000 ConcurrentGCThread "G1 Conc#0" [stack: 0x00000082f5300000,0x00000082f5400000] [id=16556]

[error occurred during error reporting (printing all threads), id 0xc0000005, EXCEPTION_ACCESS_VIOLATION (0xc0000005) at pc=0x00007ffce89e51d7]

VM state:not at safepoint (not fully initialized)

VM Mutex/Monitor currently owned by a thread:  ([mutex/lock_event])
[0x000001a09514a090] Heap_lock - owner thread: 0x000001a09514d800

Heap address: 0x0000000081c00000, size: 2020 MB, Compressed Oops mode: Non-zero based: 0x0000000081c00000
Narrow klass base: 0x0000000000000000, Narrow klass shift: 0

GC Heap History (0 events):
No events

Deoptimization events (0 events):
No events

Classes unloaded (0 events):
No events

Classes redefined (0 events):
No events

Internal exceptions (0 events):
No events

Events (2 events):
Event: 0.011 Loaded shared library C:\Program Files\Java\jdk-13.0.2\bin\zip.dll
Event: 0.011 Loaded shared library C:\Program Files\Java\jdk-13.0.2\bin\jimage.dll


Dynamic libraries:
0x00007ff73c3d0000 - 0x00007ff73c3df000 	C:\Program Files\Java\jdk-13.0.2\bin\java.exe
0x00007ffd45990000 - 0x00007ffd45b85000 	C:\WINDOWS\SYSTEM32\ntdll.dll
0x00007ffd44c50000 - 0x00007ffd44d0d000 	C:\WINDOWS\System32\KERNEL32.DLL
0x00007ffd430d0000 - 0x00007ffd43399000 	C:\WINDOWS\System32\KERNELBASE.dll
0x00007ffd43750000 - 0x00007ffd43850000 	C:\WINDOWS\System32\ucrtbase.dll
0x00007ffd34bc0000 - 0x00007ffd34bd5000 	C:\Program Files\Java\jdk-13.0.2\bin\VCRUNTIME140.dll
0x00007ffd31060000 - 0x00007ffd31078000 	C:\Program Files\Java\jdk-13.0.2\bin\jli.dll
0x00007ffd455a0000 - 0x00007ffd4564c000 	C:\WINDOWS\System32\ADVAPI32.dll
0x00007ffd45780000 - 0x00007ffd4581e000 	C:\WINDOWS\System32\msvcrt.dll
0x00007ffd449f0000 - 0x00007ffd44a8b000 	C:\WINDOWS\System32\sechost.dll
0x00007ffd45650000 - 0x00007ffd4577a000 	C:\WINDOWS\System32\RPCRT4.dll
0x00007ffd43a40000 - 0x00007ffd43be0000 	C:\WINDOWS\System32\USER32.dll
0x00007ffd439d0000 - 0x00007ffd439f2000 	C:\WINDOWS\System32\win32u.dll
0x00007ffd45820000 - 0x00007ffd4584a000 	C:\WINDOWS\System32\GDI32.dll
0x00007ffd43640000 - 0x00007ffd4374b000 	C:\WINDOWS\System32\gdi32full.dll
0x00007ffd43900000 - 0x00007ffd4399d000 	C:\WINDOWS\System32\msvcp_win.dll
0x00007ffd32ec0000 - 0x00007ffd3315a000 	C:\WINDOWS\WinSxS\amd64_microsoft.windows.common-controls_6595b64144ccf1df_6.0.19041.1083_none_60bbe31371f34e71\COMCTL32.dll
0x00007ffd37030000 - 0x00007ffd3703a000 	C:\WINDOWS\SYSTEM32\VERSION.dll
0x00007ffd43a10000 - 0x00007ffd43a40000 	C:\WINDOWS\System32\IMM32.DLL
0x00007ffd0bd70000 - 0x00007ffd0be0b000 	C:\Program Files\Java\jdk-13.0.2\bin\msvcp140.dll
0x00007ffce86f0000 - 0x00007ffce924d000 	C:\Program Files\Java\jdk-13.0.2\bin\server\jvm.dll
0x00007ffd43f90000 - 0x00007ffd43f98000 	C:\WINDOWS\System32\PSAPI.DLL
0x00007ffd34e50000 - 0x00007ffd34e77000 	C:\WINDOWS\SYSTEM32\WINMM.dll
0x00007ffd3ef50000 - 0x00007ffd3ef59000 	C:\WINDOWS\SYSTEM32\WSOCK32.dll
0x00007ffd43fa0000 - 0x00007ffd4400b000 	C:\WINDOWS\System32\WS2_32.dll
0x00007ffd40fc0000 - 0x00007ffd40fd2000 	C:\WINDOWS\SYSTEM32\kernel.appcore.dll
0x00007ffd3acf0000 - 0x00007ffd3ad00000 	C:\Program Files\Java\jdk-13.0.2\bin\verify.dll
0x00007ffd28cd0000 - 0x00007ffd28eb4000 	C:\WINDOWS\SYSTEM32\DBGHELP.DLL
0x00007ffd351f0000 - 0x00007ffd3521c000 	C:\WINDOWS\SYSTEM32\dbgcore.DLL
0x00007ffd433a0000 - 0x00007ffd43423000 	C:\WINDOWS\System32\bcryptPrimitives.dll
0x00007ffd24870000 - 0x00007ffd24896000 	C:\Program Files\Java\jdk-13.0.2\bin\java.dll
0x00007ffd24680000 - 0x00007ffd246b8000 	C:\Program Files\Java\jdk-13.0.2\bin\jdwp.dll
0x00007ffd259a0000 - 0x00007ffd259b7000 	C:\Program Files\Java\jdk-13.0.2\bin\zip.dll
0x00007ffd3aa20000 - 0x00007ffd3aa2a000 	C:\Program Files\Java\jdk-13.0.2\bin\jimage.dll

dbghelp: loaded successfully - version: 4.0.5 - missing functions: none
symbol engine: initialized successfully - sym options: 0x614 - pdb path: .;C:\Program Files\Java\jdk-13.0.2\bin;C:\WINDOWS\SYSTEM32;C:\WINDOWS\WinSxS\amd64_microsoft.windows.common-controls_6595b64144ccf1df_6.0.19041.1083_none_60bbe31371f34e71;C:\Program Files\Java\jdk-13.0.2\bin\server

VM Arguments:
jvm_args: -agentlib:jdwp=transport=dt_socket,server=n,suspend=y,address=127.0.0.1:54971 -Dfile.encoding=windows-1256 -Duser.country=US -Duser.language=en -Duser.variant 
java_command: stack.Queue.DuckDuckGoose
java_class_path (initial): C:\Users\peter\data-structures-and-algorithms-401\Stack-Queue\app\build\classes\java\main;C:\Users\peter\data-structures-and-algorithms-401\Stack-Queue\app\build\resources\main;C:\Users\peter\.gradle\caches\modules-2\files-2.1\com.google.guava\guava\30.1-jre\d0c3ce2311c9e36e73228da25a6e99b2ab826f\guava-30.1-jre.jar;C:\Users\peter\.gradle\caches\modules-2\files-2.1\com.google.guava\failureaccess\1.0.1\1dcf1de382a0bf95a3d8b0849546c88bac1292c9\failureaccess-1.0.1.jar;C:\Users\peter\.gradle\caches\modules-2\files-2.1\com.google.guava\listenablefuture\9999.0-empty-to-avoid-conflict-with-guava\b421526c5f297295adef1c886e5246c39d4ac629\listenablefuture-9999.0-empty-to-avoid-conflict-with-guava.jar;C:\Users\peter\.gradle\caches\modules-2\files-2.1\com.google.code.findbugs\jsr305\3.0.2\25ea2e8b0c338a877313bd4672d3fe056ea78f0d\jsr305-3.0.2.jar;C:\Users\peter\.gradle\caches\modules-2\files-2.1\org.checkerframework\checker-qual\3.5.0\2f50520c8abea66fbd8d26e481d3aef5c673b510\checker-qual-3.5.0.jar;C:\Users\peter\.gradle\caches\modules-2\files-2.1\com.google.errorprone\error_prone_annotations\2.3.4\dac170e4594de319655ffb62f41cbd6dbb5e601e\error_prone_annotations-2.3.4.jar;C:\Users\peter\.gradle\caches\modules-2\files-2.1\com.google.j2objc\j2objc-annotations\1.3\ba035118bc8bac37d7eff77700720999acd9986d\j2objc-annotations-1.3.jar
Launcher Type: SUN_STANDARD

[Global flags]
     intx CICompilerCount                          = 3                                         {product} {ergonomic}
     uint ConcGCThreads                            = 1                                         {product} {ergonomic}
     uint G1ConcRefinementThreads                  = 4                                         {product} {ergonomic}
   size_t G1HeapRegionSize                         = 1048576                                   {product} {ergonomic}
    uintx GCDrainStackTargetSize                   = 64                                        {product} {ergonomic}
   size_t InitialHeapSize                          = 134217728                                 {product} {ergonomic}
   size_t MarkStackSize                            = 4194304                                   {product} {ergonomic}
   size_t MaxHeapSize                              = 2118123520                                {product} {ergonomic}
   size_t MinHeapDeltaBytes                        = 1048576                                   {product} {ergonomic}
   size_t MinHeapSize                              = 8388608                                   {product} {ergonomic}
    uintx NonNMethodCodeHeapSize                   = 5832780                                {pd product} {ergonomic}
    uintx NonProfiledCodeHeapSize                  = 122912730                              {pd product} {ergonomic}
    uintx ProfiledCodeHeapSize                     = 122912730                              {pd product} {ergonomic}
    uintx ReservedCodeCacheSize                    = 251658240                              {pd product} {ergonomic}
     bool SegmentedCodeCache                       = true                                      {product} {ergonomic}
   size_t SoftMaxHeapSize                          = 2118123520                             {manageable} {ergonomic}
     bool UseCompressedClassPointers               = true                                 {lp64_product} {ergonomic}
     bool UseCompressedOops                        = true                                 {lp64_product} {ergonomic}
     bool UseG1GC                                  = true                                      {product} {ergonomic}
     bool UseLargePagesIndividualAllocation        = false                                  {pd product} {ergonomic}

Logging:
Log output configuration:
 #0: stdout all=warning uptime,level,tags
 #1: stderr all=off uptime,level,tags

Environment Variables:
JAVA_HOME=C:\Program Files\Java\jdk-13.0.2
PATH=C:\Program Files (x86)\Common Files\Oracle\Java\javapath;C:\ProgramData\Oracle\Java\javapath;C:\WINDOWS\system32;C:\WINDOWS;C:\WINDOWS\System32\Wbem;C:\WINDOWS\System32\WindowsPowerShell\v1.0\;C:\WINDOWS\System32\OpenSSH\;C:\Program Files\dotnet\;C:\Program Files\Microsoft SQL Server\130\Tools\Binn\;C:\Program Files\Microsoft SQL Server\Client SDK\ODBC\170\Tools\Binn\;C:\Program Files (x86)\Microsoft SQL Server\150\Tools\Binn\;C:\Program Files\Microsoft SQL Server\150\Tools\Binn\;C:\Program Files\Microsoft SQL Server\150\DTS\Binn\;C:\Program Files (x86)\Microsoft SQL Server\150\DTS\Binn\;C:\Program Files\Java\jdk-13.0.2\bin;C:\Program Files (x86)\AMD\ATI.ACE\Core-Static;C:\Program Files\PuTTY\;C:\Gradle\gradle-7.1\bin;C:\Program Files\JetBrains\IntelliJ IDEA Community Edition 2021.1.2\bin;C:\Program Files\aircrack-ng-1.6-win\bin;C:\Users\peter\AppData\Local\Programs\Microsoft VS Code\bin
USERNAME=peter
OS=Windows_NT
PROCESSOR_IDENTIFIER=Intel64 Family 6 Model 69 Stepping 1, GenuineIntel



---------------  S Y S T E M  ---------------

OS: Windows 10 , 64 bit Build 19041 (10.0.19041.1023)
HyperV virtualization detected

CPU:total 4 (initial active 4) (2 cores per cpu, 2 threads per core) family 6 model 69 stepping 1, cmov, cx8, fxsr, mmx, sse, sse2, sse3, ssse3, sse4.1, sse4.2, popcnt, avx, avx2, aes, clmul, erms, lzcnt, ht, tsc, tscinvbit, bmi1, bmi2, fma

Memory: 4k page, system-wide physical 8072M (423M free)
TotalPageFile size 14236M (AvailPageFile size 121M)
current process WorkingSet (physical memory assigned to process): 10M, peak: 10M
current process commit charge ("private bytes"): 52M, peak: 180M

vm_info: Java HotSpot(TM) 64-Bit Server VM (13.0.2+8) for windows-amd64 JRE (13.0.2+8), built on Dec 11 2019 09:20:33 by "mach5one" with unknown MS VC++:1916

END.
